0 verbose cli /Users/kooou/.nvm/versions/node/v24.11.1/bin/node /Users/kooou/.nvm/versions/node/v24.11.1/bin/npm
1 info using npm@11.6.2
2 info using node@v24.11.1
3 silly config load:file:/Users/kooou/.nvm/versions/node/v24.11.1/lib/node_modules/npm/npmrc
4 silly config load:file:/Users/kooou/Desktop/docs/.npmrc
5 silly config load:file:/Users/kooou/.npmrc
6 silly config load:file:/Users/kooou/.nvm/versions/node/v24.11.1/etc/npmrc
7 verbose title npm install @supabase/ssr @supabase/supabase-js @clerk/nextjs
8 verbose argv "install" "@supabase/ssr" "@supabase/supabase-js" "@clerk/nextjs"
9 verbose logfile logs-max:10 dir:/Users/kooou/Desktop/docs/.npm-logs/2026-01-19T08_52_59_088Z-
10 verbose logfile /Users/kooou/Desktop/docs/.npm-logs/2026-01-19T08_52_59_088Z-debug-0.log
11 silly logfile start cleaning logs, removing 1 files
12 silly packumentCache heap:2348810240 maxSize:587202560 maxEntrySize:293601280
13 silly logfile done cleaning log files
14 silly idealTree buildDeps
15 silly fetch manifest @supabase/ssr@*
16 silly packumentCache full:https://registry.npmjs.org/@supabase%2fssr cache-miss
17 http fetch GET 200 https://registry.npmjs.org/@supabase%2fssr 1434ms (cache miss)
18 silly packumentCache full:https://registry.npmjs.org/@supabase%2fssr set size:undefined disposed:false
19 silly fetch manifest @supabase/supabase-js@*
20 silly packumentCache full:https://registry.npmjs.org/@supabase%2fsupabase-js cache-miss
21 http fetch GET 200 https://registry.npmjs.org/@supabase%2fsupabase-js 548ms (cache miss)
22 silly packumentCache full:https://registry.npmjs.org/@supabase%2fsupabase-js set size:undefined disposed:false
23 silly fetch manifest @clerk/nextjs@*
24 silly packumentCache full:https://registry.npmjs.org/@clerk%2fnextjs cache-miss
25 http fetch GET 200 https://registry.npmjs.org/@clerk%2fnextjs 962ms (cache miss)
26 silly packumentCache full:https://registry.npmjs.org/@clerk%2fnextjs set size:undefined disposed:false
27 silly fetch manifest next@^15.0.0
28 silly packumentCache full:https://registry.npmjs.org/next cache-miss
29 http fetch GET 200 https://registry.npmjs.org/next 554ms (cache updated)
30 silly packumentCache full:https://registry.npmjs.org/next set size:undefined disposed:false
31 silly fetch manifest @opentelemetry/api@^1.1.0
32 silly packumentCache full:https://registry.npmjs.org/@opentelemetry%2fapi cache-miss
33 http fetch GET 200 https://registry.npmjs.org/@opentelemetry%2fapi 101ms (cache revalidated)
34 silly packumentCache full:https://registry.npmjs.org/@opentelemetry%2fapi set size:455567 disposed:false
35 silly fetch manifest @playwright/test@^1.51.1
36 silly packumentCache full:https://registry.npmjs.org/@playwright%2ftest cache-miss
37 http fetch GET 200 https://registry.npmjs.org/@playwright%2ftest 369ms (cache updated)
38 silly packumentCache full:https://registry.npmjs.org/@playwright%2ftest set size:undefined disposed:false
39 silly fetch manifest babel-plugin-react-compiler@*
40 silly packumentCache full:https://registry.npmjs.org/babel-plugin-react-compiler cache-miss
41 http fetch GET 200 https://registry.npmjs.org/babel-plugin-react-compiler 57ms (cache revalidated)
42 silly packumentCache full:https://registry.npmjs.org/babel-plugin-react-compiler set size:1191228 disposed:false
43 silly fetch manifest react@^19.0.0
44 silly packumentCache full:https://registry.npmjs.org/react cache-miss
45 http fetch GET 200 https://registry.npmjs.org/react 54ms (cache revalidated)
46 silly packumentCache full:https://registry.npmjs.org/react set size:6390293 disposed:false
47 silly fetch manifest react-dom@^19.0.0
48 silly packumentCache full:https://registry.npmjs.org/react-dom cache-miss
49 http fetch GET 200 https://registry.npmjs.org/react-dom 78ms (cache revalidated)
50 silly packumentCache full:https://registry.npmjs.org/react-dom set size:8422649 disposed:false
51 silly fetch manifest sass@^1.3.0
52 silly packumentCache full:https://registry.npmjs.org/sass cache-miss
53 http fetch GET 200 https://registry.npmjs.org/sass 65ms (cache revalidated)
54 silly packumentCache full:https://registry.npmjs.org/sass set size:719969 disposed:false
55 silly placeDep ROOT @clerk/nextjs@6.36.8 OK for: owaraseru-app@0.1.0 want: *
56 silly placeDep ROOT @supabase/ssr@0.8.0 OK for: owaraseru-app@0.1.0 want: *
57 silly placeDep ROOT @supabase/supabase-js@2.90.1 OK for: @supabase/ssr@0.8.0 want: ^2.76.1
58 silly placeDep ROOT @supabase/supabase-js@2.90.1 REPLACE for: owaraseru-app@0.1.0 want: *
59 silly fetch manifest server-only@0.0.1
60 silly packumentCache full:https://registry.npmjs.org/server-only cache-miss
61 silly fetch manifest @clerk/types@^4.101.11
62 silly packumentCache full:https://registry.npmjs.org/@clerk%2ftypes cache-miss
63 silly fetch manifest @clerk/shared@^3.43.0
64 silly packumentCache full:https://registry.npmjs.org/@clerk%2fshared cache-miss
65 silly fetch manifest @clerk/backend@^2.29.3
66 silly packumentCache full:https://registry.npmjs.org/@clerk%2fbackend cache-miss
67 silly fetch manifest @clerk/clerk-react@^5.59.4
68 silly packumentCache full:https://registry.npmjs.org/@clerk%2fclerk-react cache-miss
69 silly fetch manifest cookie@^1.0.2
70 silly packumentCache full:https://registry.npmjs.org/cookie cache-miss
71 silly fetch manifest @supabase/auth-js@2.90.1
72 silly packumentCache full:https://registry.npmjs.org/@supabase%2fauth-js cache-miss
73 http fetch GET 200 https://registry.npmjs.org/server-only 145ms (cache miss)
74 silly packumentCache full:https://registry.npmjs.org/server-only set size:undefined disposed:false
75 silly fetch manifest @supabase/storage-js@2.90.1
76 silly packumentCache full:https://registry.npmjs.org/@supabase%2fstorage-js cache-miss
77 http fetch GET 200 https://registry.npmjs.org/@supabase%2fstorage-js 335ms (cache miss)
78 silly packumentCache full:https://registry.npmjs.org/@supabase%2fstorage-js set size:undefined disposed:false
79 silly fetch manifest @supabase/realtime-js@2.90.1
80 silly packumentCache full:https://registry.npmjs.org/@supabase%2frealtime-js cache-miss
81 http fetch GET 200 https://registry.npmjs.org/cookie 499ms (cache miss)
82 silly packumentCache full:https://registry.npmjs.org/cookie set size:undefined disposed:false
83 silly fetch manifest @supabase/functions-js@2.90.1
84 silly packumentCache full:https://registry.npmjs.org/@supabase%2ffunctions-js cache-miss
85 http fetch GET 200 https://registry.npmjs.org/@supabase%2fauth-js 570ms (cache miss)
86 silly packumentCache full:https://registry.npmjs.org/@supabase%2fauth-js set size:undefined disposed:false
87 silly fetch manifest @supabase/postgrest-js@2.90.1
88 silly packumentCache full:https://registry.npmjs.org/@supabase%2fpostgrest-js cache-miss
89 http fetch GET 200 https://registry.npmjs.org/@supabase%2frealtime-js 177ms (cache miss)
90 silly packumentCache full:https://registry.npmjs.org/@supabase%2frealtime-js set size:undefined disposed:false
91 silly fetch manifest @supabase/functions-js@2.90.1
92 silly packumentCache full:https://registry.npmjs.org/@supabase%2ffunctions-js cache-miss
93 http fetch GET 200 https://registry.npmjs.org/@supabase%2ffunctions-js 342ms (cache miss)
94 silly packumentCache full:https://registry.npmjs.org/@supabase%2ffunctions-js set size:undefined disposed:false
95 silly fetch manifest @supabase/postgrest-js@2.90.1
96 silly packumentCache full:https://registry.npmjs.org/@supabase%2fpostgrest-js cache-miss
97 http fetch GET 200 https://registry.npmjs.org/@supabase%2fpostgrest-js 719ms (cache miss)
98 silly packumentCache full:https://registry.npmjs.org/@supabase%2fpostgrest-js set size:undefined disposed:false
99 http fetch GET 200 https://registry.npmjs.org/@supabase%2ffunctions-js 668ms (cache miss)
100 silly packumentCache full:https://registry.npmjs.org/@supabase%2ffunctions-js set size:undefined disposed:false
101 http fetch GET 200 https://registry.npmjs.org/@supabase%2fpostgrest-js 548ms (cache miss)
102 silly packumentCache full:https://registry.npmjs.org/@supabase%2fpostgrest-js set size:undefined disposed:false
103 http fetch GET 200 https://registry.npmjs.org/@clerk%2ftypes 1790ms (cache miss)
104 silly packumentCache full:https://registry.npmjs.org/@clerk%2ftypes set size:undefined disposed:false
105 http fetch GET 200 https://registry.npmjs.org/@clerk%2fshared 1973ms (cache miss)
106 silly packumentCache full:https://registry.npmjs.org/@clerk%2fshared set size:undefined disposed:false
107 http fetch GET 200 https://registry.npmjs.org/@clerk%2fclerk-react 2091ms (cache miss)
108 silly packumentCache full:https://registry.npmjs.org/@clerk%2fclerk-react set size:undefined disposed:false
109 http fetch GET 200 https://registry.npmjs.org/@clerk%2fbackend 2669ms (cache miss)
110 silly packumentCache full:https://registry.npmjs.org/@clerk%2fbackend set size:undefined disposed:false
111 silly fetch manifest react@^18.0.0 || ~19.0.3 || ~19.1.4 || ~19.2.3 || ~19.3.0-0
112 silly packumentCache full:https://registry.npmjs.org/react cache-miss
113 http cache https://registry.npmjs.org/react 56ms (cache hit)
114 silly packumentCache full:https://registry.npmjs.org/react set size:6390293 disposed:false
115 silly fetch manifest react-dom@^18.0.0 || ~19.0.3 || ~19.1.4 || ~19.2.3 || ~19.3.0-0
116 silly packumentCache full:https://registry.npmjs.org/react-dom cache-miss
117 http cache https://registry.npmjs.org/react-dom 49ms (cache hit)
118 silly packumentCache full:https://registry.npmjs.org/react-dom set size:8422649 disposed:false
119 silly placeDep ROOT @clerk/backend@2.29.3 OK for: @clerk/nextjs@6.36.8 want: ^2.29.3
120 silly placeDep ROOT @clerk/clerk-react@5.59.4 OK for: @clerk/nextjs@6.36.8 want: ^5.59.4
121 silly placeDep ROOT @clerk/shared@3.43.0 OK for: @clerk/nextjs@6.36.8 want: ^3.43.0
122 silly placeDep ROOT @clerk/types@4.101.11 OK for: @clerk/nextjs@6.36.8 want: ^4.101.11
123 silly placeDep ROOT server-only@0.0.1 OK for: @clerk/nextjs@6.36.8 want: 0.0.1
124 silly fetch manifest standardwebhooks@^1.0.0
125 silly packumentCache full:https://registry.npmjs.org/standardwebhooks cache-miss
126 silly fetch manifest swr@2.3.4
127 silly packumentCache full:https://registry.npmjs.org/swr cache-miss
128 silly fetch manifest dequal@2.0.3
129 silly packumentCache full:https://registry.npmjs.org/dequal cache-miss
130 silly fetch manifest csstype@3.1.3
131 silly packumentCache full:https://registry.npmjs.org/csstype cache-miss
132 silly fetch manifest std-env@^3.9.0
133 silly packumentCache full:https://registry.npmjs.org/std-env cache-miss
134 silly fetch manifest js-cookie@3.0.5
135 silly packumentCache full:https://registry.npmjs.org/js-cookie cache-miss
136 silly fetch manifest glob-to-regexp@0.4.1
137 silly packumentCache full:https://registry.npmjs.org/glob-to-regexp cache-miss
138 http fetch GET 200 https://registry.npmjs.org/glob-to-regexp 167ms (cache miss)
139 silly packumentCache full:https://registry.npmjs.org/glob-to-regexp set size:undefined disposed:false
140 http fetch GET 200 https://registry.npmjs.org/standardwebhooks 168ms (cache miss)
141 silly packumentCache full:https://registry.npmjs.org/standardwebhooks set size:undefined disposed:false
142 http fetch GET 200 https://registry.npmjs.org/dequal 169ms (cache miss)
143 silly packumentCache full:https://registry.npmjs.org/dequal set size:undefined disposed:false
144 http fetch GET 200 https://registry.npmjs.org/csstype 170ms (cache revalidated)
145 silly packumentCache full:https://registry.npmjs.org/csstype set size:274189 disposed:false
146 http fetch GET 200 https://registry.npmjs.org/std-env 171ms (cache miss)
147 silly packumentCache full:https://registry.npmjs.org/std-env set size:undefined disposed:false
148 http fetch GET 200 https://registry.npmjs.org/js-cookie 174ms (cache miss)
149 silly packumentCache full:https://registry.npmjs.org/js-cookie set size:undefined disposed:false
150 http fetch GET 200 https://registry.npmjs.org/swr 183ms (cache miss)
151 silly packumentCache full:https://registry.npmjs.org/swr set size:undefined disposed:false
152 silly placeDep ROOT standardwebhooks@1.0.0 OK for: @clerk/backend@2.29.3 want: ^1.0.0
153 silly fetch manifest @stablelib/base64@^1.0.0
154 silly packumentCache full:https://registry.npmjs.org/@stablelib%2fbase64 cache-miss
155 silly fetch manifest fast-sha256@^1.3.0
156 silly packumentCache full:https://registry.npmjs.org/fast-sha256 cache-miss
157 http fetch GET 200 https://registry.npmjs.org/fast-sha256 627ms (cache miss)
158 silly packumentCache full:https://registry.npmjs.org/fast-sha256 set size:undefined disposed:false
159 http fetch GET 200 https://registry.npmjs.org/@stablelib%2fbase64 633ms (cache miss)
160 silly packumentCache full:https://registry.npmjs.org/@stablelib%2fbase64 set size:undefined disposed:false
161 silly placeDep node_modules/@clerk/shared csstype@3.1.3 OK for: @clerk/shared@3.43.0 want: 3.1.3
162 silly placeDep ROOT dequal@2.0.3 OK for: @clerk/shared@3.43.0 want: 2.0.3
163 silly placeDep ROOT glob-to-regexp@0.4.1 OK for: @clerk/shared@3.43.0 want: 0.4.1
164 silly placeDep ROOT js-cookie@3.0.5 OK for: @clerk/shared@3.43.0 want: 3.0.5
165 silly placeDep ROOT std-env@3.10.0 OK for: @clerk/shared@3.43.0 want: ^3.9.0
166 silly placeDep ROOT swr@2.3.4 OK for: @clerk/shared@3.43.0 want: 2.3.4
167 silly fetch manifest use-sync-external-store@^1.4.0
168 silly packumentCache full:https://registry.npmjs.org/use-sync-external-store cache-miss
169 http fetch GET 200 https://registry.npmjs.org/use-sync-external-store 102ms (cache miss)
170 silly packumentCache full:https://registry.npmjs.org/use-sync-external-store set size:undefined disposed:false
171 silly placeDep ROOT cookie@1.1.1 OK for: @supabase/ssr@0.8.0 want: ^1.0.2
172 silly placeDep ROOT @supabase/auth-js@2.90.1 OK for: @supabase/supabase-js@2.90.1 want: 2.90.1
173 silly placeDep ROOT @supabase/functions-js@2.90.1 OK for: @supabase/supabase-js@2.90.1 want: 2.90.1
174 silly placeDep ROOT @supabase/postgrest-js@2.90.1 OK for: @supabase/supabase-js@2.90.1 want: 2.90.1
175 silly placeDep ROOT @supabase/realtime-js@2.90.1 OK for: @supabase/supabase-js@2.90.1 want: 2.90.1
176 silly placeDep ROOT @supabase/storage-js@2.90.1 OK for: @supabase/supabase-js@2.90.1 want: 2.90.1
177 silly fetch manifest ws@^8.18.2
178 silly packumentCache full:https://registry.npmjs.org/ws cache-miss
179 silly fetch manifest @types/ws@^8.18.1
180 silly packumentCache full:https://registry.npmjs.org/@types%2fws cache-miss
181 silly fetch manifest @types/phoenix@^1.6.6
182 silly packumentCache full:https://registry.npmjs.org/@types%2fphoenix cache-miss
183 silly fetch manifest iceberg-js@^0.8.1
184 silly packumentCache full:https://registry.npmjs.org/iceberg-js cache-miss
185 http fetch GET 200 https://registry.npmjs.org/iceberg-js 201ms (cache miss)
186 silly packumentCache full:https://registry.npmjs.org/iceberg-js set size:undefined disposed:false
187 http fetch GET 200 https://registry.npmjs.org/@types%2fphoenix 202ms (cache miss)
188 silly packumentCache full:https://registry.npmjs.org/@types%2fphoenix set size:undefined disposed:false
189 http fetch GET 200 https://registry.npmjs.org/@types%2fws 207ms (cache miss)
190 silly packumentCache full:https://registry.npmjs.org/@types%2fws set size:undefined disposed:false
191 http fetch GET 200 https://registry.npmjs.org/ws 211ms (cache miss)
192 silly packumentCache full:https://registry.npmjs.org/ws set size:undefined disposed:false
193 silly fetch manifest bufferutil@^4.0.1
194 silly packumentCache full:https://registry.npmjs.org/bufferutil cache-miss
195 http fetch GET 200 https://registry.npmjs.org/bufferutil 30ms (cache miss)
196 silly packumentCache full:https://registry.npmjs.org/bufferutil set size:undefined disposed:false
197 silly fetch manifest utf-8-validate@>=5.0.2
198 silly packumentCache full:https://registry.npmjs.org/utf-8-validate cache-miss
199 http fetch GET 200 https://registry.npmjs.org/utf-8-validate 30ms (cache miss)
200 silly packumentCache full:https://registry.npmjs.org/utf-8-validate set size:undefined disposed:false
201 silly placeDep ROOT @types/phoenix@1.6.7 OK for: @supabase/realtime-js@2.90.1 want: ^1.6.6
202 silly placeDep ROOT @types/ws@8.18.1 OK for: @supabase/realtime-js@2.90.1 want: ^8.18.1
203 silly placeDep ROOT ws@8.19.0 OK for: @supabase/realtime-js@2.90.1 want: ^8.18.2
204 silly placeDep ROOT iceberg-js@0.8.1 OK for: @supabase/storage-js@2.90.1 want: ^0.8.1
205 silly placeDep ROOT @stablelib/base64@1.0.1 OK for: standardwebhooks@1.0.0 want: ^1.0.0
206 silly placeDep ROOT fast-sha256@1.3.0 OK for: standardwebhooks@1.0.0 want: ^1.3.0
207 silly fetch manifest react@^16.11.0 || ^17.0.0 || ^18.0.0 || ^19.0.0
208 silly packumentCache full:https://registry.npmjs.org/react cache-miss
209 http cache https://registry.npmjs.org/react 14ms (cache hit)
210 silly packumentCache full:https://registry.npmjs.org/react set size:6390293 disposed:false
211 silly placeDep ROOT use-sync-external-store@1.6.0 OK for: swr@2.3.4 want: ^1.4.0
212 silly reify moves {}
213 silly audit bulk request {
213 silly audit   '@alloc/quick-lru': [ '5.2.0' ],
213 silly audit   '@babel/code-frame': [ '7.28.6' ],
213 silly audit   '@babel/compat-data': [ '7.28.6' ],
213 silly audit   '@babel/core': [ '7.28.6' ],
213 silly audit   '@babel/generator': [ '7.28.6' ],
213 silly audit   '@babel/helper-compilation-targets': [ '7.28.6' ],
213 silly audit   '@babel/helper-globals': [ '7.28.0' ],
213 silly audit   '@babel/helper-module-imports': [ '7.28.6' ],
213 silly audit   '@babel/helper-module-transforms': [ '7.28.6' ],
213 silly audit   '@babel/helper-string-parser': [ '7.27.1' ],
213 silly audit   '@babel/helper-validator-identifier': [ '7.28.5' ],
213 silly audit   '@babel/helper-validator-option': [ '7.27.1' ],
213 silly audit   '@babel/helpers': [ '7.28.6' ],
213 silly audit   '@babel/parser': [ '7.28.6' ],
213 silly audit   '@babel/template': [ '7.28.6' ],
213 silly audit   '@babel/traverse': [ '7.28.6' ],
213 silly audit   '@babel/types': [ '7.28.6' ],
213 silly audit   '@emnapi/core': [ '1.8.1' ],
213 silly audit   '@emnapi/runtime': [ '1.8.1' ],
213 silly audit   '@emnapi/wasi-threads': [ '1.1.0' ],
213 silly audit   '@eslint-community/eslint-utils': [ '4.9.1' ],
213 silly audit   'eslint-visitor-keys': [ '3.4.3', '4.2.1' ],
213 silly audit   '@eslint-community/regexpp': [ '4.12.2' ],
213 silly audit   '@eslint/config-array': [ '0.21.1' ],
213 silly audit   '@eslint/config-helpers': [ '0.4.2' ],
213 silly audit   '@eslint/core': [ '0.17.0' ],
213 silly audit   '@eslint/eslintrc': [ '3.3.3' ],
213 silly audit   '@eslint/js': [ '9.39.2' ],
213 silly audit   '@eslint/object-schema': [ '2.1.7' ],
213 silly audit   '@eslint/plugin-kit': [ '0.4.1' ],
213 silly audit   '@humanfs/core': [ '0.19.1' ],
213 silly audit   '@humanfs/node': [ '0.16.7' ],
213 silly audit   '@humanwhocodes/module-importer': [ '1.0.1' ],
213 silly audit   '@humanwhocodes/retry': [ '0.4.3' ],
213 silly audit   '@img/colour': [ '1.0.0' ],
213 silly audit   '@img/sharp-darwin-arm64': [ '0.34.5' ],
213 silly audit   '@img/sharp-darwin-x64': [ '0.34.5' ],
213 silly audit   '@img/sharp-libvips-darwin-arm64': [ '1.2.4' ],
213 silly audit   '@img/sharp-libvips-darwin-x64': [ '1.2.4' ],
213 silly audit   '@img/sharp-libvips-linux-arm': [ '1.2.4' ],
213 silly audit   '@img/sharp-libvips-linux-arm64': [ '1.2.4' ],
213 silly audit   '@img/sharp-libvips-linux-ppc64': [ '1.2.4' ],
213 silly audit   '@img/sharp-libvips-linux-riscv64': [ '1.2.4' ],
213 silly audit   '@img/sharp-libvips-linux-s390x': [ '1.2.4' ],
213 silly audit   '@img/sharp-libvips-linux-x64': [ '1.2.4' ],
213 silly audit   '@img/sharp-libvips-linuxmusl-arm64': [ '1.2.4' ],
213 silly audit   '@img/sharp-libvips-linuxmusl-x64': [ '1.2.4' ],
213 silly audit   '@img/sharp-linux-arm': [ '0.34.5' ],
213 silly audit   '@img/sharp-linux-arm64': [ '0.34.5' ],
213 silly audit   '@img/sharp-linux-ppc64': [ '0.34.5' ],
213 silly audit   '@img/sharp-linux-riscv64': [ '0.34.5' ],
213 silly audit   '@img/sharp-linux-s390x': [ '0.34.5' ],
213 silly audit   '@img/sharp-linux-x64': [ '0.34.5' ],
213 silly audit   '@img/sharp-linuxmusl-arm64': [ '0.34.5' ],
213 silly audit   '@img/sharp-linuxmusl-x64': [ '0.34.5' ],
213 silly audit   '@img/sharp-wasm32': [ '0.34.5' ],
213 silly audit   '@img/sharp-win32-arm64': [ '0.34.5' ],
213 silly audit   '@img/sharp-win32-ia32': [ '0.34.5' ],
213 silly audit   '@img/sharp-win32-x64': [ '0.34.5' ],
213 silly audit   '@jridgewell/gen-mapping': [ '0.3.13' ],
213 silly audit   '@jridgewell/remapping': [ '2.3.5' ],
213 silly audit   '@jridgewell/resolve-uri': [ '3.1.2' ],
213 silly audit   '@jridgewell/sourcemap-codec': [ '1.5.5' ],
213 silly audit   '@jridgewell/trace-mapping': [ '0.3.31' ],
213 silly audit   '@napi-rs/wasm-runtime': [ '0.2.12' ],
213 silly audit   '@next/env': [ '15.5.9' ],
213 silly audit   '@next/eslint-plugin-next': [ '16.1.3' ],
213 silly audit   '@next/swc-darwin-arm64': [ '15.5.7' ],
213 silly audit   '@next/swc-darwin-x64': [ '15.5.7' ],
213 silly audit   '@next/swc-linux-arm64-gnu': [ '15.5.7' ],
213 silly audit   '@next/swc-linux-arm64-musl': [ '15.5.7' ],
213 silly audit   '@next/swc-linux-x64-gnu': [ '15.5.7' ],
213 silly audit   '@next/swc-linux-x64-musl': [ '15.5.7' ],
213 silly audit   '@next/swc-win32-arm64-msvc': [ '15.5.7' ],
213 silly audit   '@next/swc-win32-x64-msvc': [ '15.5.7' ],
213 silly audit   '@nodelib/fs.scandir': [ '2.1.5' ],
213 silly audit   '@nodelib/fs.stat': [ '2.0.5' ],
213 silly audit   '@nodelib/fs.walk': [ '1.2.8' ],
213 silly audit   '@nolyfill/is-core-module': [ '1.0.39' ],
213 silly audit   '@radix-ui/react-compose-refs': [ '1.1.2' ],
213 silly audit   '@radix-ui/react-slot': [ '1.2.4' ],
213 silly audit   '@rtsao/scc': [ '1.1.0' ],
213 silly audit   '@swc/helpers': [ '0.5.15' ],
213 silly audit   '@tailwindcss/node': [ '4.1.18' ],
213 silly audit   '@tailwindcss/oxide': [ '4.1.18' ],
213 silly audit   '@tailwindcss/oxide-android-arm64': [ '4.1.18' ],
213 silly audit   '@tailwindcss/oxide-darwin-arm64': [ '4.1.18' ],
213 silly audit   '@tailwindcss/oxide-darwin-x64': [ '4.1.18' ],
213 silly audit   '@tailwindcss/oxide-freebsd-x64': [ '4.1.18' ],
213 silly audit   '@tailwindcss/oxide-linux-arm-gnueabihf': [ '4.1.18' ],
213 silly audit   '@tailwindcss/oxide-linux-arm64-gnu': [ '4.1.18' ],
213 silly audit   '@tailwindcss/oxide-linux-arm64-musl': [ '4.1.18' ],
213 silly audit   '@tailwindcss/oxide-linux-x64-gnu': [ '4.1.18' ],
213 silly audit   '@tailwindcss/oxide-linux-x64-musl': [ '4.1.18' ],
213 silly audit   '@tailwindcss/oxide-wasm32-wasi': [ '4.1.18' ],
213 silly audit   '@tailwindcss/oxide-win32-arm64-msvc': [ '4.1.18' ],
213 silly audit   '@tailwindcss/oxide-win32-x64-msvc': [ '4.1.18' ],
213 silly audit   '@tailwindcss/postcss': [ '4.1.18' ],
213 silly audit   '@tybys/wasm-util': [ '0.10.1' ],
213 silly audit   '@types/estree': [ '1.0.8' ],
213 silly audit   '@types/json-schema': [ '7.0.15' ],
213 silly audit   '@types/json5': [ '0.0.29' ],
213 silly audit   '@types/node': [ '25.0.9' ],
213 silly audit   '@types/react': [ '19.2.8' ],
213 silly audit   '@types/react-dom': [ '19.2.3' ],
213 silly audit   '@typescript-eslint/eslint-plugin': [ '8.53.0' ],
213 silly audit   ignore: [ '7.0.5', '5.3.2' ],
213 silly audit   '@typescript-eslint/parser': [ '8.53.0' ],
213 silly audit   '@typescript-eslint/project-service': [ '8.53.0' ],
213 silly audit   '@typescript-eslint/scope-manager': [ '8.53.0' ],
213 silly audit   '@typescript-eslint/tsconfig-utils': [ '8.53.0' ],
213 silly audit   '@typescript-eslint/type-utils': [ '8.53.0' ],
213 silly audit   '@typescript-eslint/types': [ '8.53.0' ],
213 silly audit   '@typescript-eslint/typescript-estree': [ '8.53.0' ],
213 silly audit   'brace-expansion': [ '2.0.2', '1.1.12' ],
213 silly audit   minimatch: [ '9.0.5', '3.1.2' ],
213 silly audit   semver: [ '7.7.3', '6.3.1' ],
213 silly audit   '@typescript-eslint/utils': [ '8.53.0' ],
213 silly audit   '@typescript-eslint/visitor-keys': [ '8.53.0' ],
213 silly audit   '@unrs/resolver-binding-android-arm-eabi': [ '1.11.1' ],
213 silly audit   '@unrs/resolver-binding-android-arm64': [ '1.11.1' ],
213 silly audit   '@unrs/resolver-binding-darwin-arm64': [ '1.11.1' ],
213 silly audit   '@unrs/resolver-binding-darwin-x64': [ '1.11.1' ],
213 silly audit   '@unrs/resolver-binding-freebsd-x64': [ '1.11.1' ],
213 silly audit   '@unrs/resolver-binding-linux-arm-gnueabihf': [ '1.11.1' ],
213 silly audit   '@unrs/resolver-binding-linux-arm-musleabihf': [ '1.11.1' ],
213 silly audit   '@unrs/resolver-binding-linux-arm64-gnu': [ '1.11.1' ],
213 silly audit   '@unrs/resolver-binding-linux-arm64-musl': [ '1.11.1' ],
213 silly audit   '@unrs/resolver-binding-linux-ppc64-gnu': [ '1.11.1' ],
213 silly audit   '@unrs/resolver-binding-linux-riscv64-gnu': [ '1.11.1' ],
213 silly audit   '@unrs/resolver-binding-linux-riscv64-musl': [ '1.11.1' ],
213 silly audit   '@unrs/resolver-binding-linux-s390x-gnu': [ '1.11.1' ],
213 silly audit   '@unrs/resolver-binding-linux-x64-gnu': [ '1.11.1' ],
213 silly audit   '@unrs/resolver-binding-linux-x64-musl': [ '1.11.1' ],
213 silly audit   '@unrs/resolver-binding-wasm32-wasi': [ '1.11.1' ],
213 silly audit   '@unrs/resolver-binding-win32-arm64-msvc': [ '1.11.1' ],
213 silly audit   '@unrs/resolver-binding-win32-ia32-msvc': [ '1.11.1' ],
213 silly audit   '@unrs/resolver-binding-win32-x64-msvc': [ '1.11.1' ],
213 silly audit   acorn: [ '8.15.0' ],
213 silly audit   'acorn-jsx': [ '5.3.2' ],
213 silly audit   ajv: [ '6.12.6' ],
213 silly audit   'ansi-styles': [ '4.3.0' ],
213 silly audit   argparse: [ '2.0.1' ],
213 silly audit   'aria-query': [ '5.3.2' ],
213 silly audit   'array-buffer-byte-length': [ '1.0.2' ],
213 silly audit   'array-includes': [ '3.1.9' ],
213 silly audit   'array.prototype.findlast': [ '1.2.5' ],
213 silly audit   'array.prototype.findlastindex': [ '1.2.6' ],
213 silly audit   'array.prototype.flat': [ '1.3.3' ],
213 silly audit   'array.prototype.flatmap': [ '1.3.3' ],
213 silly audit   'array.prototype.tosorted': [ '1.1.4' ],
213 silly audit   'arraybuffer.prototype.slice': [ '1.0.4' ],
213 silly audit   'ast-types-flow': [ '0.0.8' ],
213 silly audit   'async-function': [ '1.0.0' ],
213 silly audit   autoprefixer: [ '10.4.23' ],
213 silly audit   'available-typed-arrays': [ '1.0.7' ],
213 silly audit   'axe-core': [ '4.11.1' ],
213 silly audit   'axobject-query': [ '4.1.0' ],
213 silly audit   'balanced-match': [ '1.0.2' ],
213 silly audit   'baseline-browser-mapping': [ '2.9.15' ],
213 silly audit   braces: [ '3.0.3' ],
213 silly audit   browserslist: [ '4.28.1' ],
213 silly audit   'call-bind': [ '1.0.8' ],
213 silly audit   'call-bind-apply-helpers': [ '1.0.2' ],
213 silly audit   'call-bound': [ '1.0.4' ],
213 silly audit   callsites: [ '3.1.0' ],
213 silly audit   'caniuse-lite': [ '1.0.30001764' ],
213 silly audit   chalk: [ '4.1.2' ],
213 silly audit   'class-variance-authority': [ '0.7.1' ],
213 silly audit   'client-only': [ '0.0.1' ],
213 silly audit   clsx: [ '2.1.1' ],
213 silly audit   'color-convert': [ '2.0.1' ],
213 silly audit   'color-name': [ '1.1.4' ],
213 silly audit   'concat-map': [ '0.0.1' ],
213 silly audit   'convert-source-map': [ '2.0.0' ],
213 silly audit   'cross-spawn': [ '7.0.6' ],
213 silly audit   csstype: [ '3.2.3', '3.1.3' ],
213 silly audit   'damerau-levenshtein': [ '1.0.8' ],
213 silly audit   'data-view-buffer': [ '1.0.2' ],
213 silly audit   'data-view-byte-length': [ '1.0.2' ],
213 silly audit   'data-view-byte-offset': [ '1.0.1' ],
213 silly audit   debug: [ '4.4.3', '3.2.7' ],
213 silly audit   'deep-is': [ '0.1.4' ],
213 silly audit   'define-data-property': [ '1.1.4' ],
213 silly audit   'define-properties': [ '1.2.1' ],
213 silly audit   'detect-libc': [ '2.1.2' ],
213 silly audit   doctrine: [ '2.1.0' ],
213 silly audit   'dunder-proto': [ '1.0.1' ],
213 silly audit   'electron-to-chromium': [ '1.5.267' ],
213 silly audit   'emoji-regex': [ '9.2.2' ],
213 silly audit   'enhanced-resolve': [ '5.18.4' ],
213 silly audit   'es-abstract': [ '1.24.1' ],
213 silly audit   'es-define-property': [ '1.0.1' ],
213 silly audit   'es-errors': [ '1.3.0' ],
213 silly audit   'es-iterator-helpers': [ '1.2.2' ],
213 silly audit   'es-object-atoms': [ '1.1.1' ],
213 silly audit   'es-set-tostringtag': [ '2.1.0' ],
213 silly audit   'es-shim-unscopables': [ '1.1.0' ],
213 silly audit   'es-to-primitive': [ '1.3.0' ],
213 silly audit   escalade: [ '3.2.0' ],
213 silly audit   'escape-string-regexp': [ '4.0.0' ],
213 silly audit   eslint: [ '9.39.2' ],
213 silly audit   'eslint-config-next': [ '16.1.3' ],
213 silly audit   globals: [ '16.4.0', '14.0.0' ],
213 silly audit   'eslint-import-resolver-node': [ '0.3.9' ],
213 silly audit   'eslint-import-resolver-typescript': [ '3.10.1' ],
213 silly audit   'eslint-module-utils': [ '2.12.1' ],
213 silly audit   'eslint-plugin-import': [ '2.32.0' ],
213 silly audit   'eslint-plugin-jsx-a11y': [ '6.10.2' ],
213 silly audit   'eslint-plugin-react': [ '7.37.5' ],
213 silly audit   'eslint-plugin-react-hooks': [ '7.0.1' ],
213 silly audit   resolve: [ '2.0.0-next.5', '1.22.11' ],
213 silly audit   'eslint-scope': [ '8.4.0' ],
213 silly audit   espree: [ '10.4.0' ],
213 silly audit   esquery: [ '1.7.0' ],
213 silly audit   esrecurse: [ '4.3.0' ],
213 silly audit   estraverse: [ '5.3.0' ],
213 silly audit   esutils: [ '2.0.3' ],
213 silly audit   'fast-deep-equal': [ '3.1.3' ],
213 silly audit   'fast-glob': [ '3.3.1' ],
213 silly audit   'glob-parent': [ '5.1.2', '6.0.2' ],
213 silly audit   'fast-json-stable-stringify': [ '2.1.0' ],
213 silly audit   'fast-levenshtein': [ '2.0.6' ],
213 silly audit   fastq: [ '1.20.1' ],
213 silly audit   fdir: [ '6.5.0' ],
213 silly audit   'file-entry-cache': [ '8.0.0' ],
213 silly audit   'fill-range': [ '7.1.1' ],
213 silly audit   'find-up': [ '5.0.0' ],
213 silly audit   'flat-cache': [ '4.0.1' ],
213 silly audit   flatted: [ '3.3.3' ],
213 silly audit   'for-each': [ '0.3.5' ],
213 silly audit   'fraction.js': [ '5.3.4' ],
213 silly audit   'function-bind': [ '1.1.2' ],
213 silly audit   'function.prototype.name': [ '1.1.8' ],
213 silly audit   'functions-have-names': [ '1.2.3' ],
213 silly audit   'generator-function': [ '2.0.1' ],
213 silly audit   gensync: [ '1.0.0-beta.2' ],
213 silly audit   'get-intrinsic': [ '1.3.0' ],
213 silly audit   'get-proto': [ '1.0.1' ],
213 silly audit   'get-symbol-description': [ '1.1.0' ],
213 silly audit   'get-tsconfig': [ '4.13.0' ],
213 silly audit   globalthis: [ '1.0.4' ],
213 silly audit   gopd: [ '1.2.0' ],
213 silly audit   'graceful-fs': [ '4.2.11' ],
213 silly audit   'has-bigints': [ '1.1.0' ],
213 silly audit   'has-flag': [ '4.0.0' ],
213 silly audit   'has-property-descriptors': [ '1.0.2' ],
213 silly audit   'has-proto': [ '1.2.0' ],
213 silly audit   'has-symbols': [ '1.1.0' ],
213 silly audit   'has-tostringtag': [ '1.0.2' ],
213 silly audit   hasown: [ '2.0.2' ],
213 silly audit   'hermes-estree': [ '0.25.1' ],
213 silly audit   'hermes-parser': [ '0.25.1' ],
213 silly audit   'import-fresh': [ '3.3.1' ],
213 silly audit   imurmurhash: [ '0.1.4' ],
213 silly audit   'internal-slot': [ '1.1.0' ],
213 silly audit   'is-array-buffer': [ '3.0.5' ],
213 silly audit   'is-async-function': [ '2.1.1' ],
213 silly audit   'is-bigint': [ '1.1.0' ],
213 silly audit   'is-boolean-object': [ '1.2.2' ],
213 silly audit   'is-bun-module': [ '2.0.0' ],
213 silly audit   'is-callable': [ '1.2.7' ],
213 silly audit   'is-core-module': [ '2.16.1' ],
213 silly audit   'is-data-view': [ '1.0.2' ],
213 silly audit   'is-date-object': [ '1.1.0' ],
213 silly audit   'is-extglob': [ '2.1.1' ],
213 silly audit   'is-finalizationregistry': [ '1.1.1' ],
213 silly audit   'is-generator-function': [ '1.1.2' ],
213 silly audit   'is-glob': [ '4.0.3' ],
213 silly audit   'is-map': [ '2.0.3' ],
213 silly audit   'is-negative-zero': [ '2.0.3' ],
213 silly audit   'is-number': [ '7.0.0' ],
213 silly audit   'is-number-object': [ '1.1.1' ],
213 silly audit   'is-regex': [ '1.2.1' ],
213 silly audit   'is-set': [ '2.0.3' ],
213 silly audit   'is-shared-array-buffer': [ '1.0.4' ],
213 silly audit   'is-string': [ '1.1.1' ],
213 silly audit   'is-symbol': [ '1.1.1' ],
213 silly audit   'is-typed-array': [ '1.1.15' ],
213 silly audit   'is-weakmap': [ '2.0.2' ],
213 silly audit   'is-weakref': [ '1.1.1' ],
213 silly audit   'is-weakset': [ '2.0.4' ],
213 silly audit   isarray: [ '2.0.5' ],
213 silly audit   isexe: [ '2.0.0' ],
213 silly audit   'iterator.prototype': [ '1.1.5' ],
213 silly audit   jiti: [ '2.6.1' ],
213 silly audit   'js-tokens': [ '4.0.0' ],
213 silly audit   'js-yaml': [ '4.1.1' ],
213 silly audit   jsesc: [ '3.1.0' ],
213 silly audit   'json-buffer': [ '3.0.1' ],
213 silly audit   'json-schema-traverse': [ '0.4.1' ],
213 silly audit   'json-stable-stringify-without-jsonify': [ '1.0.1' ],
213 silly audit   json5: [ '2.2.3', '1.0.2' ],
213 silly audit   'jsx-ast-utils': [ '3.3.5' ],
213 silly audit   keyv: [ '4.5.4' ],
213 silly audit   'language-subtag-registry': [ '0.3.23' ],
213 silly audit   'language-tags': [ '1.0.9' ],
213 silly audit   levn: [ '0.4.1' ],
213 silly audit   lightningcss: [ '1.30.2' ],
213 silly audit   'lightningcss-android-arm64': [ '1.30.2' ],
213 silly audit   'lightningcss-darwin-arm64': [ '1.30.2' ],
213 silly audit   'lightningcss-darwin-x64': [ '1.30.2' ],
213 silly audit   'lightningcss-freebsd-x64': [ '1.30.2' ],
213 silly audit   'lightningcss-linux-arm-gnueabihf': [ '1.30.2' ],
213 silly audit   'lightningcss-linux-arm64-gnu': [ '1.30.2' ],
213 silly audit   'lightningcss-linux-arm64-musl': [ '1.30.2' ],
213 silly audit   'lightningcss-linux-x64-gnu': [ '1.30.2' ],
213 silly audit   'lightningcss-linux-x64-musl': [ '1.30.2' ],
213 silly audit   'lightningcss-win32-arm64-msvc': [ '1.30.2' ],
213 silly audit   'lightningcss-win32-x64-msvc': [ '1.30.2' ],
213 silly audit   'locate-path': [ '6.0.0' ],
213 silly audit   'lodash.merge': [ '4.6.2' ],
213 silly audit   'loose-envify': [ '1.4.0' ],
213 silly audit   'lru-cache': [ '5.1.1' ],
213 silly audit   'lucide-react': [ '0.562.0' ],
213 silly audit   'magic-string': [ '0.30.21' ],
213 silly audit   'math-intrinsics': [ '1.1.0' ],
213 silly audit   merge2: [ '1.4.1' ],
213 silly audit   micromatch: [ '4.0.8' ],
213 silly audit   picomatch: [ '2.3.1', '4.0.3' ],
213 silly audit   minimist: [ '1.2.8' ],
213 silly audit   ms: [ '2.1.3' ],
213 silly audit   nanoid: [ '3.3.11' ],
213 silly audit   'napi-postinstall': [ '0.3.4' ],
213 silly audit   'natural-compare': [ '1.4.0' ],
213 silly audit   next: [ '15.5.9' ],
213 silly audit   postcss: [ '8.4.31', '8.5.6' ],
213 silly audit   'node-releases': [ '2.0.27' ],
213 silly audit   'object-assign': [ '4.1.1' ],
213 silly audit   'object-inspect': [ '1.13.4' ],
213 silly audit   'object-keys': [ '1.1.1' ],
213 silly audit   'object.assign': [ '4.1.7' ],
213 silly audit   'object.entries': [ '1.1.9' ],
213 silly audit   'object.fromentries': [ '2.0.8' ],
213 silly audit   'object.groupby': [ '1.0.3' ],
213 silly audit   'object.values': [ '1.2.1' ],
213 silly audit   optionator: [ '0.9.4' ],
213 silly audit   'own-keys': [ '1.0.1' ],
213 silly audit   'p-limit': [ '3.1.0' ],
213 silly audit   'p-locate': [ '5.0.0' ],
213 silly audit   'parent-module': [ '1.0.1' ],
213 silly audit   'path-exists': [ '4.0.0' ],
213 silly audit   'path-key': [ '3.1.1' ],
213 silly audit   'path-parse': [ '1.0.7' ],
213 silly audit   picocolors: [ '1.1.1' ],
213 silly audit   'possible-typed-array-names': [ '1.1.0' ],
213 silly audit   'postcss-value-parser': [ '4.2.0' ],
213 silly audit   'prelude-ls': [ '1.2.1' ],
213 silly audit   'prop-types': [ '15.8.1' ],
213 silly audit   punycode: [ '2.3.1' ],
213 silly audit   'queue-microtask': [ '1.2.3' ],
213 silly audit   react: [ '19.2.3' ],
213 silly audit   'react-dom': [ '19.2.3' ],
213 silly audit   'react-is': [ '16.13.1' ],
213 silly audit   'reflect.getprototypeof': [ '1.0.10' ],
213 silly audit   'regexp.prototype.flags': [ '1.5.4' ],
213 silly audit   'resolve-from': [ '4.0.0' ],
213 silly audit   'resolve-pkg-maps': [ '1.0.0' ],
213 silly audit   reusify: [ '1.1.0' ],
213 silly audit   'run-parallel': [ '1.2.0' ],
213 silly audit   'safe-array-concat': [ '1.1.3' ],
213 silly audit   'safe-push-apply': [ '1.0.0' ],
213 silly audit   'safe-regex-test': [ '1.1.0' ],
213 silly audit   scheduler: [ '0.27.0' ],
213 silly audit   'set-function-length': [ '1.2.2' ],
213 silly audit   'set-function-name': [ '2.0.2' ],
213 silly audit   'set-proto': [ '1.0.0' ],
213 silly audit   sharp: [ '0.34.5' ],
213 silly audit   'shebang-command': [ '2.0.0' ],
213 silly audit   'shebang-regex': [ '3.0.0' ],
213 silly audit   'side-channel': [ '1.1.0' ],
213 silly audit   'side-channel-list': [ '1.0.0' ],
213 silly audit   'side-channel-map': [ '1.0.1' ],
213 silly audit   'side-channel-weakmap': [ '1.0.2' ],
213 silly audit   'source-map-js': [ '1.2.1' ],
213 silly audit   'stable-hash': [ '0.0.5' ],
213 silly audit   'stop-iteration-iterator': [ '1.1.0' ],
213 silly audit   'string.prototype.includes': [ '2.0.1' ],
213 silly audit   'string.prototype.matchall': [ '4.0.12' ],
213 silly audit   'string.prototype.repeat': [ '1.0.0' ],
213 silly audit   'string.prototype.trim': [ '1.2.10' ],
213 silly audit   'string.prototype.trimend': [ '1.0.9' ],
213 silly audit   'string.prototype.trimstart': [ '1.0.8' ],
213 silly audit   'strip-bom': [ '3.0.0' ],
213 silly audit   'strip-json-comments': [ '3.1.1' ],
213 silly audit   'styled-jsx': [ '5.1.6' ],
213 silly audit   'supports-color': [ '7.2.0' ],
213 silly audit   'supports-preserve-symlinks-flag': [ '1.0.0' ],
213 silly audit   'tailwind-merge': [ '3.4.0' ],
213 silly audit   tailwindcss: [ '4.1.18' ],
213 silly audit   tapable: [ '2.3.0' ],
213 silly audit   tinyglobby: [ '0.2.15' ],
213 silly audit   'to-regex-range': [ '5.0.1' ],
213 silly audit   'ts-api-utils': [ '2.4.0' ],
213 silly audit   'tsconfig-paths': [ '3.15.0' ],
213 silly audit   tslib: [ '2.8.1' ],
213 silly audit   'type-check': [ '0.4.0' ],
213 silly audit   'typed-array-buffer': [ '1.0.3' ],
213 silly audit   'typed-array-byte-length': [ '1.0.3' ],
213 silly audit   'typed-array-byte-offset': [ '1.0.4' ],
213 silly audit   'typed-array-length': [ '1.0.7' ],
213 silly audit   typescript: [ '5.9.3' ],
213 silly audit   'typescript-eslint': [ '8.53.0' ],
213 silly audit   'unbox-primitive': [ '1.1.0' ],
213 silly audit   'undici-types': [ '7.16.0' ],
213 silly audit   'unrs-resolver': [ '1.11.1' ],
213 silly audit   'update-browserslist-db': [ '1.2.3' ],
213 silly audit   'uri-js': [ '4.4.1' ],
213 silly audit   which: [ '2.0.2' ],
213 silly audit   'which-boxed-primitive': [ '1.1.1' ],
213 silly audit   'which-builtin-type': [ '1.2.1' ],
213 silly audit   'which-collection': [ '1.0.2' ],
213 silly audit   'which-typed-array': [ '1.1.20' ],
213 silly audit   'word-wrap': [ '1.2.5' ],
213 silly audit   yallist: [ '3.1.1' ],
213 silly audit   'yocto-queue': [ '0.1.0' ],
213 silly audit   zod: [ '4.3.5' ],
213 silly audit   'zod-validation-error': [ '4.0.2' ],
213 silly audit   '@clerk/nextjs': [ '6.36.8' ],
213 silly audit   '@supabase/ssr': [ '0.8.0' ],
213 silly audit   '@supabase/supabase-js': [ '2.90.1' ],
213 silly audit   '@clerk/backend': [ '2.29.3' ],
213 silly audit   '@clerk/clerk-react': [ '5.59.4' ],
213 silly audit   '@clerk/shared': [ '3.43.0' ],
213 silly audit   '@clerk/types': [ '4.101.11' ],
213 silly audit   'server-only': [ '0.0.1' ],
213 silly audit   standardwebhooks: [ '1.0.0' ],
213 silly audit   dequal: [ '2.0.3' ],
213 silly audit   'glob-to-regexp': [ '0.4.1' ],
213 silly audit   'js-cookie': [ '3.0.5' ],
213 silly audit   'std-env': [ '3.10.0' ],
213 silly audit   swr: [ '2.3.4' ],
213 silly audit   cookie: [ '1.1.1' ],
213 silly audit   '@supabase/auth-js': [ '2.90.1' ],
213 silly audit   '@supabase/functions-js': [ '2.90.1' ],
213 silly audit   '@supabase/postgrest-js': [ '2.90.1' ],
213 silly audit   '@supabase/realtime-js': [ '2.90.1' ],
213 silly audit   '@supabase/storage-js': [ '2.90.1' ],
213 silly audit   '@types/phoenix': [ '1.6.7' ],
213 silly audit   '@types/ws': [ '8.18.1' ],
213 silly audit   ws: [ '8.19.0' ],
213 silly audit   'iceberg-js': [ '0.8.1' ],
213 silly audit   '@stablelib/base64': [ '1.0.1' ],
213 silly audit   'fast-sha256': [ '1.3.0' ],
213 silly audit   'use-sync-external-store': [ '1.6.0' ]
213 silly audit }
214 http cache ws@https://registry.npmjs.org/ws/-/ws-8.19.0.tgz 0ms (cache hit)
215 http cache use-sync-external-store@https://registry.npmjs.org/use-sync-external-store/-/use-sync-external-store-1.6.0.tgz 1ms (cache hit)
216 http cache @types/ws@https://registry.npmjs.org/@types/ws/-/ws-8.18.1.tgz 0ms (cache hit)
217 http cache @types/phoenix@https://registry.npmjs.org/@types/phoenix/-/phoenix-1.6.7.tgz 0ms (cache hit)
218 http cache iceberg-js@https://registry.npmjs.org/iceberg-js/-/iceberg-js-0.8.1.tgz 0ms (cache hit)
219 http cache @stablelib/base64@https://registry.npmjs.org/@stablelib/base64/-/base64-1.0.1.tgz 0ms (cache hit)
220 http cache @supabase/realtime-js@https://registry.npmjs.org/@supabase/realtime-js/-/realtime-js-2.90.1.tgz 0ms (cache hit)
221 http cache fast-sha256@https://registry.npmjs.org/fast-sha256/-/fast-sha256-1.3.0.tgz 0ms (cache hit)
222 http cache @supabase/functions-js@https://registry.npmjs.org/@supabase/functions-js/-/functions-js-2.90.1.tgz 0ms (cache hit)
223 http cache @supabase/auth-js@https://registry.npmjs.org/@supabase/auth-js/-/auth-js-2.90.1.tgz 0ms (cache hit)
224 http cache @supabase/postgrest-js@https://registry.npmjs.org/@supabase/postgrest-js/-/postgrest-js-2.90.1.tgz 0ms (cache hit)
225 http cache js-cookie@https://registry.npmjs.org/js-cookie/-/js-cookie-3.0.5.tgz 0ms (cache hit)
226 http cache @supabase/storage-js@https://registry.npmjs.org/@supabase/storage-js/-/storage-js-2.90.1.tgz 0ms (cache hit)
227 http cache dequal@https://registry.npmjs.org/dequal/-/dequal-2.0.3.tgz 0ms (cache hit)
228 http cache glob-to-regexp@https://registry.npmjs.org/glob-to-regexp/-/glob-to-regexp-0.4.1.tgz 0ms (cache hit)
229 http cache std-env@https://registry.npmjs.org/std-env/-/std-env-3.10.0.tgz 0ms (cache hit)
230 http cache standardwebhooks@https://registry.npmjs.org/standardwebhooks/-/standardwebhooks-1.0.0.tgz 0ms (cache hit)
231 http cache server-only@https://registry.npmjs.org/server-only/-/server-only-0.0.1.tgz 0ms (cache hit)
232 http cache cookie@https://registry.npmjs.org/cookie/-/cookie-1.1.1.tgz 0ms (cache hit)
233 http cache @clerk/types@https://registry.npmjs.org/@clerk/types/-/types-4.101.11.tgz 0ms (cache hit)
234 http cache @clerk/shared@https://registry.npmjs.org/@clerk/shared/-/shared-3.43.0.tgz 0ms (cache hit)
235 http cache @supabase/supabase-js@https://registry.npmjs.org/@supabase/supabase-js/-/supabase-js-2.90.1.tgz 0ms (cache hit)
236 http cache @supabase/ssr@https://registry.npmjs.org/@supabase/ssr/-/ssr-0.8.0.tgz 0ms (cache hit)
237 http cache csstype@https://registry.npmjs.org/csstype/-/csstype-3.1.3.tgz 0ms (cache hit)
238 http cache @clerk/nextjs@https://registry.npmjs.org/@clerk/nextjs/-/nextjs-6.36.8.tgz 0ms (cache hit)
239 http cache swr@https://registry.npmjs.org/swr/-/swr-2.3.4.tgz 0ms (cache hit)
240 http cache @clerk/clerk-react@https://registry.npmjs.org/@clerk/clerk-react/-/clerk-react-5.59.4.tgz 0ms (cache hit)
241 http cache @clerk/backend@https://registry.npmjs.org/@clerk/backend/-/backend-2.29.3.tgz 0ms (cache hit)
242 silly tarball no local data for ws@https://registry.npmjs.org/ws/-/ws-8.19.0.tgz. Extracting by manifest.
243 silly tarball no local data for use-sync-external-store@https://registry.npmjs.org/use-sync-external-store/-/use-sync-external-store-1.6.0.tgz. Extracting by manifest.
244 silly tarball no local data for @types/ws@https://registry.npmjs.org/@types/ws/-/ws-8.18.1.tgz. Extracting by manifest.
245 silly tarball no local data for @types/phoenix@https://registry.npmjs.org/@types/phoenix/-/phoenix-1.6.7.tgz. Extracting by manifest.
246 silly tarball no local data for iceberg-js@https://registry.npmjs.org/iceberg-js/-/iceberg-js-0.8.1.tgz. Extracting by manifest.
247 silly tarball no local data for @stablelib/base64@https://registry.npmjs.org/@stablelib/base64/-/base64-1.0.1.tgz. Extracting by manifest.
248 silly tarball no local data for @supabase/realtime-js@https://registry.npmjs.org/@supabase/realtime-js/-/realtime-js-2.90.1.tgz. Extracting by manifest.
249 silly tarball no local data for fast-sha256@https://registry.npmjs.org/fast-sha256/-/fast-sha256-1.3.0.tgz. Extracting by manifest.
250 silly tarball no local data for @supabase/functions-js@https://registry.npmjs.org/@supabase/functions-js/-/functions-js-2.90.1.tgz. Extracting by manifest.
251 silly tarball no local data for @supabase/auth-js@https://registry.npmjs.org/@supabase/auth-js/-/auth-js-2.90.1.tgz. Extracting by manifest.
252 silly tarball no local data for @supabase/postgrest-js@https://registry.npmjs.org/@supabase/postgrest-js/-/postgrest-js-2.90.1.tgz. Extracting by manifest.
253 silly tarball no local data for js-cookie@https://registry.npmjs.org/js-cookie/-/js-cookie-3.0.5.tgz. Extracting by manifest.
254 silly tarball no local data for @supabase/storage-js@https://registry.npmjs.org/@supabase/storage-js/-/storage-js-2.90.1.tgz. Extracting by manifest.
255 silly tarball no local data for dequal@https://registry.npmjs.org/dequal/-/dequal-2.0.3.tgz. Extracting by manifest.
256 silly tarball no local data for glob-to-regexp@https://registry.npmjs.org/glob-to-regexp/-/glob-to-regexp-0.4.1.tgz. Extracting by manifest.
257 silly tarball no local data for cookie@https://registry.npmjs.org/cookie/-/cookie-1.1.1.tgz. Extracting by manifest.
258 silly tarball no local data for @clerk/types@https://registry.npmjs.org/@clerk/types/-/types-4.101.11.tgz. Extracting by manifest.
259 silly tarball no local data for @clerk/shared@https://registry.npmjs.org/@clerk/shared/-/shared-3.43.0.tgz. Extracting by manifest.
260 silly tarball no local data for @supabase/supabase-js@https://registry.npmjs.org/@supabase/supabase-js/-/supabase-js-2.90.1.tgz. Extracting by manifest.
261 silly tarball no local data for @supabase/ssr@https://registry.npmjs.org/@supabase/ssr/-/ssr-0.8.0.tgz. Extracting by manifest.
262 silly tarball no local data for csstype@https://registry.npmjs.org/csstype/-/csstype-3.1.3.tgz. Extracting by manifest.
263 silly tarball no local data for @clerk/nextjs@https://registry.npmjs.org/@clerk/nextjs/-/nextjs-6.36.8.tgz. Extracting by manifest.
264 silly tarball no local data for swr@https://registry.npmjs.org/swr/-/swr-2.3.4.tgz. Extracting by manifest.
265 silly tarball no local data for @clerk/clerk-react@https://registry.npmjs.org/@clerk/clerk-react/-/clerk-react-5.59.4.tgz. Extracting by manifest.
266 silly tarball no local data for @clerk/backend@https://registry.npmjs.org/@clerk/backend/-/backend-2.29.3.tgz. Extracting by manifest.
267 silly tarball no local data for std-env@https://registry.npmjs.org/std-env/-/std-env-3.10.0.tgz. Extracting by manifest.
268 silly tarball no local data for standardwebhooks@https://registry.npmjs.org/standardwebhooks/-/standardwebhooks-1.0.0.tgz. Extracting by manifest.
269 silly tarball no local data for server-only@https://registry.npmjs.org/server-only/-/server-only-0.0.1.tgz. Extracting by manifest.
270 http fetch POST 200 https://registry.npmjs.org/-/npm/v1/security/advisories/bulk 764ms
271 silly audit report {}
272 http fetch GET 200 https://registry.npmjs.org/@types/phoenix/-/phoenix-1.6.7.tgz 309ms (cache miss)
273 http fetch GET 200 https://registry.npmjs.org/@types/ws/-/ws-8.18.1.tgz 313ms (cache miss)
274 http fetch GET 200 https://registry.npmjs.org/cookie/-/cookie-1.1.1.tgz 274ms (cache miss)
275 http fetch GET 200 https://registry.npmjs.org/@stablelib/base64/-/base64-1.0.1.tgz 319ms (cache miss)
276 http fetch GET 200 https://registry.npmjs.org/iceberg-js/-/iceberg-js-0.8.1.tgz 331ms (cache miss)
277 http fetch GET 200 https://registry.npmjs.org/use-sync-external-store/-/use-sync-external-store-1.6.0.tgz 335ms (cache miss)
278 http fetch GET 200 https://registry.npmjs.org/ws/-/ws-8.19.0.tgz 343ms (cache miss)
279 http fetch GET 200 https://registry.npmjs.org/csstype/-/csstype-3.1.3.tgz 330ms (cache miss)
280 http fetch GET 200 https://registry.npmjs.org/@supabase/supabase-js/-/supabase-js-2.90.1.tgz 333ms (cache miss)
281 http fetch GET 200 https://registry.npmjs.org/standardwebhooks/-/standardwebhooks-1.0.0.tgz 2135ms (cache miss)
282 http fetch GET 200 https://registry.npmjs.org/std-env/-/std-env-3.10.0.tgz 2162ms (cache miss)
283 http fetch GET 200 https://registry.npmjs.org/@clerk/types/-/types-4.101.11.tgz 2172ms (cache miss)
284 http fetch GET 200 https://registry.npmjs.org/server-only/-/server-only-0.0.1.tgz 2139ms (cache miss)
285 http fetch GET 200 https://registry.npmjs.org/glob-to-regexp/-/glob-to-regexp-0.4.1.tgz 2183ms (cache miss)
286 http fetch GET 200 https://registry.npmjs.org/fast-sha256/-/fast-sha256-1.3.0.tgz 2229ms (cache miss)
287 http fetch GET 200 https://registry.npmjs.org/dequal/-/dequal-2.0.3.tgz 2198ms (cache miss)
288 http fetch GET 200 https://registry.npmjs.org/js-cookie/-/js-cookie-3.0.5.tgz 2200ms (cache miss)
289 http fetch GET 200 https://registry.npmjs.org/swr/-/swr-2.3.4.tgz 2263ms (cache miss)
290 http fetch GET 200 https://registry.npmjs.org/@supabase/postgrest-js/-/postgrest-js-2.90.1.tgz 2301ms (cache miss)
291 http fetch GET 200 https://registry.npmjs.org/@clerk/clerk-react/-/clerk-react-5.59.4.tgz 2302ms (cache miss)
292 http fetch GET 200 https://registry.npmjs.org/@supabase/storage-js/-/storage-js-2.90.1.tgz 4637ms (cache miss)
293 http fetch GET 200 https://registry.npmjs.org/@supabase/functions-js/-/functions-js-2.90.1.tgz 5113ms (cache miss)
294 http fetch GET 200 https://registry.npmjs.org/@supabase/realtime-js/-/realtime-js-2.90.1.tgz 5879ms (cache miss)
295 http fetch GET 200 https://registry.npmjs.org/@supabase/ssr/-/ssr-0.8.0.tgz 5855ms (cache miss)
296 http fetch GET 200 https://registry.npmjs.org/@supabase/auth-js/-/auth-js-2.90.1.tgz 6509ms (cache miss)
297 http fetch GET 200 https://registry.npmjs.org/@clerk/backend/-/backend-2.29.3.tgz 6637ms (cache miss)
298 http fetch GET 200 https://registry.npmjs.org/@clerk/shared/-/shared-3.43.0.tgz 6827ms (cache miss)
299 http fetch GET 200 https://registry.npmjs.org/@clerk/nextjs/-/nextjs-6.36.8.tgz 6853ms (cache miss)
300 info run @clerk/shared@3.43.0 postinstall node_modules/@clerk/shared node ./scripts/postinstall.mjs
301 info run @clerk/shared@3.43.0 postinstall { code: 0, signal: null }
302 silly ADD node_modules/use-sync-external-store
303 silly ADD node_modules/fast-sha256
304 silly ADD node_modules/@stablelib/base64
305 silly ADD node_modules/iceberg-js
306 silly ADD node_modules/ws
307 silly ADD node_modules/@types/ws
308 silly ADD node_modules/@types/phoenix
309 silly ADD node_modules/@supabase/storage-js
310 silly ADD node_modules/@supabase/realtime-js
311 silly ADD node_modules/@supabase/postgrest-js
312 silly ADD node_modules/@supabase/functions-js
313 silly ADD node_modules/@supabase/auth-js
314 silly ADD node_modules/cookie
315 silly ADD node_modules/swr
316 silly ADD node_modules/std-env
317 silly ADD node_modules/js-cookie
318 silly ADD node_modules/glob-to-regexp
319 silly ADD node_modules/dequal
320 silly ADD node_modules/standardwebhooks
321 silly ADD node_modules/server-only
322 silly ADD node_modules/@clerk/types
323 silly ADD node_modules/@clerk/shared
324 silly ADD node_modules/@clerk/shared/node_modules/csstype
325 silly ADD node_modules/@clerk/clerk-react
326 silly ADD node_modules/@clerk/backend
327 silly ADD node_modules/@supabase/supabase-js
328 silly ADD node_modules/@supabase/ssr
329 silly ADD node_modules/@clerk/nextjs
330 verbose cwd /Users/kooou/Desktop/docs
331 verbose os Darwin 21.2.0
332 verbose node v24.11.1
333 verbose npm  v11.6.2
334 verbose exit 0
335 info ok
