0 verbose cli /Users/kooou/.nvm/versions/node/v24.11.1/bin/node /Users/kooou/.nvm/versions/node/v24.11.1/bin/npm
1 info using npm@11.6.2
2 info using node@v24.11.1
3 silly config load:file:/Users/kooou/.nvm/versions/node/v24.11.1/lib/node_modules/npm/npmrc
4 silly config load:file:/Users/kooou/Desktop/docs/.npmrc
5 silly config load:file:/Users/kooou/.npmrc
6 silly config load:file:/Users/kooou/.nvm/versions/node/v24.11.1/etc/npmrc
7 verbose title npm install @tailwindcss/postcss
8 verbose argv "install" "@tailwindcss/postcss"
9 verbose logfile logs-max:10 dir:/Users/kooou/Desktop/docs/.npm-logs/2026-01-19T08_26_09_339Z-
10 verbose logfile /Users/kooou/Desktop/docs/.npm-logs/2026-01-19T08_26_09_339Z-debug-0.log
11 silly logfile start cleaning logs, removing 1 files
12 silly packumentCache heap:2348810240 maxSize:587202560 maxEntrySize:293601280
13 silly logfile done cleaning log files
14 silly idealTree buildDeps
15 silly fetch manifest @tailwindcss/postcss@*
16 silly packumentCache full:https://registry.npmjs.org/@tailwindcss%2fpostcss cache-miss
17 http fetch GET 200 https://registry.npmjs.org/@tailwindcss%2fpostcss 240ms (cache revalidated)
18 silly packumentCache full:https://registry.npmjs.org/@tailwindcss%2fpostcss set size:1927614 disposed:false
19 silly placeDep ROOT @tailwindcss/postcss@4.1.18 OK for: owaraseru-app@0.1.0 want: *
20 silly fetch manifest @alloc/quick-lru@^5.2.0
21 silly packumentCache full:https://registry.npmjs.org/@alloc%2fquick-lru cache-miss
22 silly fetch manifest @tailwindcss/node@4.1.18
23 silly packumentCache full:https://registry.npmjs.org/@tailwindcss%2fnode cache-miss
24 silly fetch manifest @tailwindcss/oxide@4.1.18
25 silly packumentCache full:https://registry.npmjs.org/@tailwindcss%2foxide cache-miss
26 http fetch GET 200 https://registry.npmjs.org/@tailwindcss%2foxide 59ms (cache revalidated)
27 silly packumentCache full:https://registry.npmjs.org/@tailwindcss%2foxide set size:3963080 disposed:false
28 http fetch GET 200 https://registry.npmjs.org/@tailwindcss%2fnode 91ms (cache revalidated)
29 silly packumentCache full:https://registry.npmjs.org/@tailwindcss%2fnode set size:1798622 disposed:false
30 http fetch GET 200 https://registry.npmjs.org/@alloc%2fquick-lru 98ms (cache revalidated)
31 silly packumentCache full:https://registry.npmjs.org/@alloc%2fquick-lru set size:7269 disposed:false
32 silly placeDep ROOT @alloc/quick-lru@5.2.0 OK for: @tailwindcss/postcss@4.1.18 want: ^5.2.0
33 silly placeDep ROOT @tailwindcss/node@4.1.18 OK for: @tailwindcss/postcss@4.1.18 want: 4.1.18
34 silly placeDep ROOT @tailwindcss/oxide@4.1.18 OK for: @tailwindcss/postcss@4.1.18 want: 4.1.18
35 silly fetch manifest jiti@^2.6.1
36 silly packumentCache full:https://registry.npmjs.org/jiti cache-miss
37 silly fetch manifest lightningcss@1.30.2
38 silly packumentCache full:https://registry.npmjs.org/lightningcss cache-miss
39 silly fetch manifest magic-string@^0.30.21
40 silly packumentCache full:https://registry.npmjs.org/magic-string cache-miss
41 silly fetch manifest enhanced-resolve@^5.18.3
42 silly packumentCache full:https://registry.npmjs.org/enhanced-resolve cache-miss
43 silly fetch manifest @tailwindcss/oxide-darwin-x64@4.1.18
44 silly packumentCache full:https://registry.npmjs.org/@tailwindcss%2foxide-darwin-x64 cache-miss
45 silly fetch manifest @tailwindcss/oxide-freebsd-x64@4.1.18
46 silly packumentCache full:https://registry.npmjs.org/@tailwindcss%2foxide-freebsd-x64 cache-miss
47 silly fetch manifest @tailwindcss/oxide-wasm32-wasi@4.1.18
48 silly packumentCache full:https://registry.npmjs.org/@tailwindcss%2foxide-wasm32-wasi cache-miss
49 http fetch GET 200 https://registry.npmjs.org/jiti 55ms (cache revalidated)
50 silly packumentCache full:https://registry.npmjs.org/jiti set size:382310 disposed:false
51 silly fetch manifest @tailwindcss/oxide-darwin-arm64@4.1.18
52 silly packumentCache full:https://registry.npmjs.org/@tailwindcss%2foxide-darwin-arm64 cache-miss
53 http fetch GET 200 https://registry.npmjs.org/enhanced-resolve 60ms (cache revalidated)
54 silly packumentCache full:https://registry.npmjs.org/enhanced-resolve set size:343981 disposed:false
55 silly fetch manifest @tailwindcss/oxide-android-arm64@4.1.18
56 silly packumentCache full:https://registry.npmjs.org/@tailwindcss%2foxide-android-arm64 cache-miss
57 http fetch GET 200 https://registry.npmjs.org/magic-string 63ms (cache revalidated)
58 silly packumentCache full:https://registry.npmjs.org/magic-string set size:331817 disposed:false
59 silly fetch manifest @tailwindcss/oxide-linux-x64-gnu@4.1.18
60 silly packumentCache full:https://registry.npmjs.org/@tailwindcss%2foxide-linux-x64-gnu cache-miss
61 http fetch GET 200 https://registry.npmjs.org/@tailwindcss%2foxide-darwin-arm64 61ms (cache revalidated)
62 silly packumentCache full:https://registry.npmjs.org/@tailwindcss%2foxide-darwin-arm64 set size:2527438 disposed:false
63 silly fetch manifest @tailwindcss/oxide-linux-x64-musl@4.1.18
64 silly packumentCache full:https://registry.npmjs.org/@tailwindcss%2foxide-linux-x64-musl cache-miss
65 http fetch GET 200 https://registry.npmjs.org/@tailwindcss%2foxide-android-arm64 66ms (cache revalidated)
66 silly packumentCache full:https://registry.npmjs.org/@tailwindcss%2foxide-android-arm64 set size:1666107 disposed:false
67 silly fetch manifest @tailwindcss/oxide-win32-x64-msvc@4.1.18
68 silly packumentCache full:https://registry.npmjs.org/@tailwindcss%2foxide-win32-x64-msvc cache-miss
69 http fetch GET 200 https://registry.npmjs.org/lightningcss 138ms (cache revalidated)
70 silly packumentCache full:https://registry.npmjs.org/lightningcss set size:173815 disposed:false
71 silly fetch manifest @tailwindcss/oxide-linux-arm64-gnu@4.1.18
72 silly packumentCache full:https://registry.npmjs.org/@tailwindcss%2foxide-linux-arm64-gnu cache-miss
73 http fetch GET 200 https://registry.npmjs.org/@tailwindcss%2foxide-wasm32-wasi 139ms (cache revalidated)
74 silly packumentCache full:https://registry.npmjs.org/@tailwindcss%2foxide-wasm32-wasi set size:1043762 disposed:false
75 silly fetch manifest @tailwindcss/oxide-linux-arm64-musl@4.1.18
76 silly packumentCache full:https://registry.npmjs.org/@tailwindcss%2foxide-linux-arm64-musl cache-miss
77 http fetch GET 200 https://registry.npmjs.org/@tailwindcss%2foxide-win32-x64-msvc 56ms (cache revalidated)
78 silly packumentCache full:https://registry.npmjs.org/@tailwindcss%2foxide-win32-x64-msvc set size:2532701 disposed:false
79 silly fetch manifest @tailwindcss/oxide-win32-arm64-msvc@4.1.18
80 silly packumentCache full:https://registry.npmjs.org/@tailwindcss%2foxide-win32-arm64-msvc cache-miss
81 http fetch GET 200 https://registry.npmjs.org/@tailwindcss%2foxide-linux-x64-musl 73ms (cache revalidated)
82 silly packumentCache full:https://registry.npmjs.org/@tailwindcss%2foxide-linux-x64-musl set size:2556647 disposed:false
83 silly fetch manifest @tailwindcss/oxide-linux-arm-gnueabihf@4.1.18
84 silly packumentCache full:https://registry.npmjs.org/@tailwindcss%2foxide-linux-arm-gnueabihf cache-miss
85 http fetch GET 200 https://registry.npmjs.org/@tailwindcss%2foxide-win32-arm64-msvc 41ms (cache revalidated)
86 silly packumentCache full:https://registry.npmjs.org/@tailwindcss%2foxide-win32-arm64-msvc set size:1639956 disposed:false
87 http fetch GET 200 https://registry.npmjs.org/@tailwindcss%2foxide-darwin-x64 264ms (cache revalidated)
88 silly packumentCache full:https://registry.npmjs.org/@tailwindcss%2foxide-darwin-x64 set size:2495877 disposed:false
89 http fetch GET 200 https://registry.npmjs.org/@tailwindcss%2foxide-linux-arm-gnueabihf 66ms (cache revalidated)
90 silly packumentCache full:https://registry.npmjs.org/@tailwindcss%2foxide-linux-arm-gnueabihf set size:2591145 disposed:false
91 http fetch GET 200 https://registry.npmjs.org/@tailwindcss%2foxide-linux-arm64-musl 166ms (cache revalidated)
92 silly packumentCache full:https://registry.npmjs.org/@tailwindcss%2foxide-linux-arm64-musl set size:2579196 disposed:false
93 http fetch GET 200 https://registry.npmjs.org/@tailwindcss%2foxide-linux-x64-gnu 423ms (cache revalidated)
94 silly packumentCache full:https://registry.npmjs.org/@tailwindcss%2foxide-linux-x64-gnu set size:2546998 disposed:false
95 http fetch GET 200 https://registry.npmjs.org/@tailwindcss%2foxide-freebsd-x64 500ms (cache revalidated)
96 silly packumentCache full:https://registry.npmjs.org/@tailwindcss%2foxide-freebsd-x64 set size:2508280 disposed:false
97 http fetch GET 200 https://registry.npmjs.org/@tailwindcss%2foxide-linux-arm64-gnu 427ms (cache revalidated)
98 silly packumentCache full:https://registry.npmjs.org/@tailwindcss%2foxide-linux-arm64-gnu set size:2569660 disposed:false
99 silly placeDep ROOT enhanced-resolve@5.18.4 OK for: @tailwindcss/node@4.1.18 want: ^5.18.3
100 silly placeDep ROOT jiti@2.6.1 OK for: @tailwindcss/node@4.1.18 want: ^2.6.1
101 silly placeDep ROOT lightningcss@1.30.2 OK for: @tailwindcss/node@4.1.18 want: 1.30.2
102 silly placeDep ROOT magic-string@0.30.21 OK for: @tailwindcss/node@4.1.18 want: ^0.30.21
103 silly fetch manifest graceful-fs@^4.2.4
104 silly packumentCache full:https://registry.npmjs.org/graceful-fs cache-miss
105 silly fetch manifest tapable@^2.2.0
106 silly packumentCache full:https://registry.npmjs.org/tapable cache-miss
107 silly fetch manifest lightningcss-darwin-x64@1.30.2
108 silly packumentCache full:https://registry.npmjs.org/lightningcss-darwin-x64 cache-miss
109 silly fetch manifest lightningcss-linux-x64-gnu@1.30.2
110 silly packumentCache full:https://registry.npmjs.org/lightningcss-linux-x64-gnu cache-miss
111 silly fetch manifest lightningcss-win32-x64-msvc@1.30.2
112 silly packumentCache full:https://registry.npmjs.org/lightningcss-win32-x64-msvc cache-miss
113 silly fetch manifest lightningcss-win32-arm64-msvc@1.30.2
114 silly packumentCache full:https://registry.npmjs.org/lightningcss-win32-arm64-msvc cache-miss
115 silly fetch manifest lightningcss-darwin-arm64@1.30.2
116 silly packumentCache full:https://registry.npmjs.org/lightningcss-darwin-arm64 cache-miss
117 http fetch GET 200 https://registry.npmjs.org/graceful-fs 27ms (cache revalidated)
118 silly packumentCache full:https://registry.npmjs.org/graceful-fs set size:124285 disposed:false
119 silly fetch manifest lightningcss-linux-arm64-gnu@1.30.2
120 silly packumentCache full:https://registry.npmjs.org/lightningcss-linux-arm64-gnu cache-miss
121 http fetch GET 200 https://registry.npmjs.org/lightningcss-win32-arm64-msvc 29ms (cache revalidated)
122 silly packumentCache full:https://registry.npmjs.org/lightningcss-win32-arm64-msvc set size:21483 disposed:false
123 silly fetch manifest lightningcss-linux-arm-gnueabihf@1.30.2
124 silly packumentCache full:https://registry.npmjs.org/lightningcss-linux-arm-gnueabihf cache-miss
125 http fetch GET 200 https://registry.npmjs.org/lightningcss-darwin-x64 30ms (cache revalidated)
126 silly packumentCache full:https://registry.npmjs.org/lightningcss-darwin-x64 set size:73656 disposed:false
127 silly fetch manifest lightningcss-linux-arm64-musl@1.30.2
128 silly packumentCache full:https://registry.npmjs.org/lightningcss-linux-arm64-musl cache-miss
129 http fetch GET 200 https://registry.npmjs.org/lightningcss-win32-x64-msvc 32ms (cache revalidated)
130 silly packumentCache full:https://registry.npmjs.org/lightningcss-win32-x64-msvc set size:74539 disposed:false
131 silly fetch manifest lightningcss-linux-x64-musl@1.30.2
132 silly packumentCache full:https://registry.npmjs.org/lightningcss-linux-x64-musl cache-miss
133 http fetch GET 200 https://registry.npmjs.org/tapable 33ms (cache revalidated)
134 silly packumentCache full:https://registry.npmjs.org/tapable set size:110219 disposed:false
135 silly fetch manifest lightningcss-freebsd-x64@1.30.2
136 silly packumentCache full:https://registry.npmjs.org/lightningcss-freebsd-x64 cache-miss
137 http fetch GET 200 https://registry.npmjs.org/lightningcss-linux-x64-gnu 44ms (cache revalidated)
138 silly packumentCache full:https://registry.npmjs.org/lightningcss-linux-x64-gnu set size:74961 disposed:false
139 silly fetch manifest lightningcss-android-arm64@1.30.2
140 silly packumentCache full:https://registry.npmjs.org/lightningcss-android-arm64 cache-miss
141 http fetch GET 200 https://registry.npmjs.org/lightningcss-linux-arm64-gnu 29ms (cache revalidated)
142 silly packumentCache full:https://registry.npmjs.org/lightningcss-linux-arm64-gnu set size:75490 disposed:false
143 http fetch GET 200 https://registry.npmjs.org/lightningcss-freebsd-x64 32ms (cache revalidated)
144 silly packumentCache full:https://registry.npmjs.org/lightningcss-freebsd-x64 set size:37817 disposed:false
145 http fetch GET 200 https://registry.npmjs.org/lightningcss-linux-arm-gnueabihf 36ms (cache revalidated)
146 silly packumentCache full:https://registry.npmjs.org/lightningcss-linux-arm-gnueabihf set size:75705 disposed:false
147 http fetch GET 200 https://registry.npmjs.org/lightningcss-linux-arm64-musl 37ms (cache revalidated)
148 silly packumentCache full:https://registry.npmjs.org/lightningcss-linux-arm64-musl set size:75692 disposed:false
149 http fetch GET 200 https://registry.npmjs.org/lightningcss-android-arm64 56ms (cache revalidated)
150 silly packumentCache full:https://registry.npmjs.org/lightningcss-android-arm64 set size:2570 disposed:false
151 http fetch GET 200 https://registry.npmjs.org/lightningcss-linux-x64-musl 69ms (cache revalidated)
152 silly packumentCache full:https://registry.npmjs.org/lightningcss-linux-x64-musl set size:75155 disposed:false
153 http fetch GET 200 https://registry.npmjs.org/lightningcss-darwin-arm64 152ms (cache revalidated)
154 silly packumentCache full:https://registry.npmjs.org/lightningcss-darwin-arm64 set size:74196 disposed:false
155 silly placeDep ROOT @tailwindcss/oxide-android-arm64@4.1.18 OK for: @tailwindcss/oxide@4.1.18 want: 4.1.18
156 silly placeDep ROOT @tailwindcss/oxide-darwin-arm64@4.1.18 OK for: @tailwindcss/oxide@4.1.18 want: 4.1.18
157 silly placeDep ROOT @tailwindcss/oxide-darwin-x64@4.1.18 OK for: @tailwindcss/oxide@4.1.18 want: 4.1.18
158 silly placeDep ROOT @tailwindcss/oxide-freebsd-x64@4.1.18 OK for: @tailwindcss/oxide@4.1.18 want: 4.1.18
159 silly placeDep ROOT @tailwindcss/oxide-linux-arm-gnueabihf@4.1.18 OK for: @tailwindcss/oxide@4.1.18 want: 4.1.18
160 silly placeDep ROOT @tailwindcss/oxide-linux-arm64-gnu@4.1.18 OK for: @tailwindcss/oxide@4.1.18 want: 4.1.18
161 silly placeDep ROOT @tailwindcss/oxide-linux-arm64-musl@4.1.18 OK for: @tailwindcss/oxide@4.1.18 want: 4.1.18
162 silly placeDep ROOT @tailwindcss/oxide-linux-x64-gnu@4.1.18 OK for: @tailwindcss/oxide@4.1.18 want: 4.1.18
163 silly placeDep ROOT @tailwindcss/oxide-linux-x64-musl@4.1.18 OK for: @tailwindcss/oxide@4.1.18 want: 4.1.18
164 silly placeDep ROOT @tailwindcss/oxide-wasm32-wasi@4.1.18 OK for: @tailwindcss/oxide@4.1.18 want: 4.1.18
165 silly placeDep ROOT @tailwindcss/oxide-win32-arm64-msvc@4.1.18 OK for: @tailwindcss/oxide@4.1.18 want: 4.1.18
166 silly placeDep ROOT @tailwindcss/oxide-win32-x64-msvc@4.1.18 OK for: @tailwindcss/oxide@4.1.18 want: 4.1.18
167 silly placeDep ROOT graceful-fs@4.2.11 OK for: enhanced-resolve@5.18.4 want: ^4.2.4
168 silly placeDep ROOT tapable@2.3.0 OK for: enhanced-resolve@5.18.4 want: ^2.2.0
169 silly placeDep ROOT lightningcss-android-arm64@1.30.2 OK for: lightningcss@1.30.2 want: 1.30.2
170 silly placeDep ROOT lightningcss-darwin-arm64@1.30.2 OK for: lightningcss@1.30.2 want: 1.30.2
171 silly placeDep ROOT lightningcss-darwin-x64@1.30.2 OK for: lightningcss@1.30.2 want: 1.30.2
172 silly placeDep ROOT lightningcss-freebsd-x64@1.30.2 OK for: lightningcss@1.30.2 want: 1.30.2
173 silly placeDep ROOT lightningcss-linux-arm-gnueabihf@1.30.2 OK for: lightningcss@1.30.2 want: 1.30.2
174 silly placeDep ROOT lightningcss-linux-arm64-gnu@1.30.2 OK for: lightningcss@1.30.2 want: 1.30.2
175 silly placeDep ROOT lightningcss-linux-arm64-musl@1.30.2 OK for: lightningcss@1.30.2 want: 1.30.2
176 silly placeDep ROOT lightningcss-linux-x64-gnu@1.30.2 OK for: lightningcss@1.30.2 want: 1.30.2
177 silly placeDep ROOT lightningcss-linux-x64-musl@1.30.2 OK for: lightningcss@1.30.2 want: 1.30.2
178 silly placeDep ROOT lightningcss-win32-arm64-msvc@1.30.2 OK for: lightningcss@1.30.2 want: 1.30.2
179 silly placeDep ROOT lightningcss-win32-x64-msvc@1.30.2 OK for: lightningcss@1.30.2 want: 1.30.2
180 silly reify moves {}
181 silly audit bulk request {
181 silly audit   '@babel/code-frame': [ '7.28.6' ],
181 silly audit   '@babel/compat-data': [ '7.28.6' ],
181 silly audit   '@babel/core': [ '7.28.6' ],
181 silly audit   '@babel/generator': [ '7.28.6' ],
181 silly audit   '@babel/helper-compilation-targets': [ '7.28.6' ],
181 silly audit   '@babel/helper-globals': [ '7.28.0' ],
181 silly audit   '@babel/helper-module-imports': [ '7.28.6' ],
181 silly audit   '@babel/helper-module-transforms': [ '7.28.6' ],
181 silly audit   '@babel/helper-string-parser': [ '7.27.1' ],
181 silly audit   '@babel/helper-validator-identifier': [ '7.28.5' ],
181 silly audit   '@babel/helper-validator-option': [ '7.27.1' ],
181 silly audit   '@babel/helpers': [ '7.28.6' ],
181 silly audit   '@babel/parser': [ '7.28.6' ],
181 silly audit   '@babel/template': [ '7.28.6' ],
181 silly audit   '@babel/traverse': [ '7.28.6' ],
181 silly audit   '@babel/types': [ '7.28.6' ],
181 silly audit   '@emnapi/core': [ '1.8.1' ],
181 silly audit   '@emnapi/runtime': [ '1.8.1' ],
181 silly audit   '@emnapi/wasi-threads': [ '1.1.0' ],
181 silly audit   '@eslint-community/eslint-utils': [ '4.9.1' ],
181 silly audit   'eslint-visitor-keys': [ '3.4.3', '4.2.1' ],
181 silly audit   '@eslint-community/regexpp': [ '4.12.2' ],
181 silly audit   '@eslint/config-array': [ '0.21.1' ],
181 silly audit   '@eslint/config-helpers': [ '0.4.2' ],
181 silly audit   '@eslint/core': [ '0.17.0' ],
181 silly audit   '@eslint/eslintrc': [ '3.3.3' ],
181 silly audit   '@eslint/js': [ '9.39.2' ],
181 silly audit   '@eslint/object-schema': [ '2.1.7' ],
181 silly audit   '@eslint/plugin-kit': [ '0.4.1' ],
181 silly audit   '@humanfs/core': [ '0.19.1' ],
181 silly audit   '@humanfs/node': [ '0.16.7' ],
181 silly audit   '@humanwhocodes/module-importer': [ '1.0.1' ],
181 silly audit   '@humanwhocodes/retry': [ '0.4.3' ],
181 silly audit   '@img/colour': [ '1.0.0' ],
181 silly audit   '@img/sharp-darwin-arm64': [ '0.34.5' ],
181 silly audit   '@img/sharp-darwin-x64': [ '0.34.5' ],
181 silly audit   '@img/sharp-libvips-darwin-arm64': [ '1.2.4' ],
181 silly audit   '@img/sharp-libvips-darwin-x64': [ '1.2.4' ],
181 silly audit   '@img/sharp-libvips-linux-arm': [ '1.2.4' ],
181 silly audit   '@img/sharp-libvips-linux-arm64': [ '1.2.4' ],
181 silly audit   '@img/sharp-libvips-linux-ppc64': [ '1.2.4' ],
181 silly audit   '@img/sharp-libvips-linux-riscv64': [ '1.2.4' ],
181 silly audit   '@img/sharp-libvips-linux-s390x': [ '1.2.4' ],
181 silly audit   '@img/sharp-libvips-linux-x64': [ '1.2.4' ],
181 silly audit   '@img/sharp-libvips-linuxmusl-arm64': [ '1.2.4' ],
181 silly audit   '@img/sharp-libvips-linuxmusl-x64': [ '1.2.4' ],
181 silly audit   '@img/sharp-linux-arm': [ '0.34.5' ],
181 silly audit   '@img/sharp-linux-arm64': [ '0.34.5' ],
181 silly audit   '@img/sharp-linux-ppc64': [ '0.34.5' ],
181 silly audit   '@img/sharp-linux-riscv64': [ '0.34.5' ],
181 silly audit   '@img/sharp-linux-s390x': [ '0.34.5' ],
181 silly audit   '@img/sharp-linux-x64': [ '0.34.5' ],
181 silly audit   '@img/sharp-linuxmusl-arm64': [ '0.34.5' ],
181 silly audit   '@img/sharp-linuxmusl-x64': [ '0.34.5' ],
181 silly audit   '@img/sharp-wasm32': [ '0.34.5' ],
181 silly audit   '@img/sharp-win32-arm64': [ '0.34.5' ],
181 silly audit   '@img/sharp-win32-ia32': [ '0.34.5' ],
181 silly audit   '@img/sharp-win32-x64': [ '0.34.5' ],
181 silly audit   '@jridgewell/gen-mapping': [ '0.3.13' ],
181 silly audit   '@jridgewell/remapping': [ '2.3.5' ],
181 silly audit   '@jridgewell/resolve-uri': [ '3.1.2' ],
181 silly audit   '@jridgewell/sourcemap-codec': [ '1.5.5' ],
181 silly audit   '@jridgewell/trace-mapping': [ '0.3.31' ],
181 silly audit   '@napi-rs/wasm-runtime': [ '0.2.12' ],
181 silly audit   '@next/env': [ '15.5.9' ],
181 silly audit   '@next/eslint-plugin-next': [ '16.1.3' ],
181 silly audit   '@next/swc-darwin-arm64': [ '15.5.7' ],
181 silly audit   '@next/swc-darwin-x64': [ '15.5.7' ],
181 silly audit   '@next/swc-linux-arm64-gnu': [ '15.5.7' ],
181 silly audit   '@next/swc-linux-arm64-musl': [ '15.5.7' ],
181 silly audit   '@next/swc-linux-x64-gnu': [ '15.5.7' ],
181 silly audit   '@next/swc-linux-x64-musl': [ '15.5.7' ],
181 silly audit   '@next/swc-win32-arm64-msvc': [ '15.5.7' ],
181 silly audit   '@next/swc-win32-x64-msvc': [ '15.5.7' ],
181 silly audit   '@nodelib/fs.scandir': [ '2.1.5' ],
181 silly audit   '@nodelib/fs.stat': [ '2.0.5' ],
181 silly audit   '@nodelib/fs.walk': [ '1.2.8' ],
181 silly audit   '@nolyfill/is-core-module': [ '1.0.39' ],
181 silly audit   '@radix-ui/react-compose-refs': [ '1.1.2' ],
181 silly audit   '@radix-ui/react-slot': [ '1.2.4' ],
181 silly audit   '@rtsao/scc': [ '1.1.0' ],
181 silly audit   '@swc/helpers': [ '0.5.15' ],
181 silly audit   '@tybys/wasm-util': [ '0.10.1' ],
181 silly audit   '@types/estree': [ '1.0.8' ],
181 silly audit   '@types/json-schema': [ '7.0.15' ],
181 silly audit   '@types/json5': [ '0.0.29' ],
181 silly audit   '@types/node': [ '25.0.9' ],
181 silly audit   '@types/react': [ '19.2.8' ],
181 silly audit   '@types/react-dom': [ '19.2.3' ],
181 silly audit   '@typescript-eslint/eslint-plugin': [ '8.53.0' ],
181 silly audit   ignore: [ '7.0.5', '5.3.2' ],
181 silly audit   '@typescript-eslint/parser': [ '8.53.0' ],
181 silly audit   '@typescript-eslint/project-service': [ '8.53.0' ],
181 silly audit   '@typescript-eslint/scope-manager': [ '8.53.0' ],
181 silly audit   '@typescript-eslint/tsconfig-utils': [ '8.53.0' ],
181 silly audit   '@typescript-eslint/type-utils': [ '8.53.0' ],
181 silly audit   '@typescript-eslint/types': [ '8.53.0' ],
181 silly audit   '@typescript-eslint/typescript-estree': [ '8.53.0' ],
181 silly audit   'brace-expansion': [ '2.0.2', '1.1.12' ],
181 silly audit   minimatch: [ '9.0.5', '3.1.2' ],
181 silly audit   semver: [ '7.7.3', '6.3.1' ],
181 silly audit   '@typescript-eslint/utils': [ '8.53.0' ],
181 silly audit   '@typescript-eslint/visitor-keys': [ '8.53.0' ],
181 silly audit   '@unrs/resolver-binding-android-arm-eabi': [ '1.11.1' ],
181 silly audit   '@unrs/resolver-binding-android-arm64': [ '1.11.1' ],
181 silly audit   '@unrs/resolver-binding-darwin-arm64': [ '1.11.1' ],
181 silly audit   '@unrs/resolver-binding-darwin-x64': [ '1.11.1' ],
181 silly audit   '@unrs/resolver-binding-freebsd-x64': [ '1.11.1' ],
181 silly audit   '@unrs/resolver-binding-linux-arm-gnueabihf': [ '1.11.1' ],
181 silly audit   '@unrs/resolver-binding-linux-arm-musleabihf': [ '1.11.1' ],
181 silly audit   '@unrs/resolver-binding-linux-arm64-gnu': [ '1.11.1' ],
181 silly audit   '@unrs/resolver-binding-linux-arm64-musl': [ '1.11.1' ],
181 silly audit   '@unrs/resolver-binding-linux-ppc64-gnu': [ '1.11.1' ],
181 silly audit   '@unrs/resolver-binding-linux-riscv64-gnu': [ '1.11.1' ],
181 silly audit   '@unrs/resolver-binding-linux-riscv64-musl': [ '1.11.1' ],
181 silly audit   '@unrs/resolver-binding-linux-s390x-gnu': [ '1.11.1' ],
181 silly audit   '@unrs/resolver-binding-linux-x64-gnu': [ '1.11.1' ],
181 silly audit   '@unrs/resolver-binding-linux-x64-musl': [ '1.11.1' ],
181 silly audit   '@unrs/resolver-binding-wasm32-wasi': [ '1.11.1' ],
181 silly audit   '@unrs/resolver-binding-win32-arm64-msvc': [ '1.11.1' ],
181 silly audit   '@unrs/resolver-binding-win32-ia32-msvc': [ '1.11.1' ],
181 silly audit   '@unrs/resolver-binding-win32-x64-msvc': [ '1.11.1' ],
181 silly audit   acorn: [ '8.15.0' ],
181 silly audit   'acorn-jsx': [ '5.3.2' ],
181 silly audit   ajv: [ '6.12.6' ],
181 silly audit   'ansi-styles': [ '4.3.0' ],
181 silly audit   argparse: [ '2.0.1' ],
181 silly audit   'aria-query': [ '5.3.2' ],
181 silly audit   'array-buffer-byte-length': [ '1.0.2' ],
181 silly audit   'array-includes': [ '3.1.9' ],
181 silly audit   'array.prototype.findlast': [ '1.2.5' ],
181 silly audit   'array.prototype.findlastindex': [ '1.2.6' ],
181 silly audit   'array.prototype.flat': [ '1.3.3' ],
181 silly audit   'array.prototype.flatmap': [ '1.3.3' ],
181 silly audit   'array.prototype.tosorted': [ '1.1.4' ],
181 silly audit   'arraybuffer.prototype.slice': [ '1.0.4' ],
181 silly audit   'ast-types-flow': [ '0.0.8' ],
181 silly audit   'async-function': [ '1.0.0' ],
181 silly audit   autoprefixer: [ '10.4.23' ],
181 silly audit   'available-typed-arrays': [ '1.0.7' ],
181 silly audit   'axe-core': [ '4.11.1' ],
181 silly audit   'axobject-query': [ '4.1.0' ],
181 silly audit   'balanced-match': [ '1.0.2' ],
181 silly audit   'baseline-browser-mapping': [ '2.9.15' ],
181 silly audit   braces: [ '3.0.3' ],
181 silly audit   browserslist: [ '4.28.1' ],
181 silly audit   'call-bind': [ '1.0.8' ],
181 silly audit   'call-bind-apply-helpers': [ '1.0.2' ],
181 silly audit   'call-bound': [ '1.0.4' ],
181 silly audit   callsites: [ '3.1.0' ],
181 silly audit   'caniuse-lite': [ '1.0.30001764' ],
181 silly audit   chalk: [ '4.1.2' ],
181 silly audit   'class-variance-authority': [ '0.7.1' ],
181 silly audit   'client-only': [ '0.0.1' ],
181 silly audit   clsx: [ '2.1.1' ],
181 silly audit   'color-convert': [ '2.0.1' ],
181 silly audit   'color-name': [ '1.1.4' ],
181 silly audit   'concat-map': [ '0.0.1' ],
181 silly audit   'convert-source-map': [ '2.0.0' ],
181 silly audit   'cross-spawn': [ '7.0.6' ],
181 silly audit   csstype: [ '3.2.3' ],
181 silly audit   'damerau-levenshtein': [ '1.0.8' ],
181 silly audit   'data-view-buffer': [ '1.0.2' ],
181 silly audit   'data-view-byte-length': [ '1.0.2' ],
181 silly audit   'data-view-byte-offset': [ '1.0.1' ],
181 silly audit   debug: [ '4.4.3', '3.2.7' ],
181 silly audit   'deep-is': [ '0.1.4' ],
181 silly audit   'define-data-property': [ '1.1.4' ],
181 silly audit   'define-properties': [ '1.2.1' ],
181 silly audit   'detect-libc': [ '2.1.2' ],
181 silly audit   doctrine: [ '2.1.0' ],
181 silly audit   'dunder-proto': [ '1.0.1' ],
181 silly audit   'electron-to-chromium': [ '1.5.267' ],
181 silly audit   'emoji-regex': [ '9.2.2' ],
181 silly audit   'es-abstract': [ '1.24.1' ],
181 silly audit   'es-define-property': [ '1.0.1' ],
181 silly audit   'es-errors': [ '1.3.0' ],
181 silly audit   'es-iterator-helpers': [ '1.2.2' ],
181 silly audit   'es-object-atoms': [ '1.1.1' ],
181 silly audit   'es-set-tostringtag': [ '2.1.0' ],
181 silly audit   'es-shim-unscopables': [ '1.1.0' ],
181 silly audit   'es-to-primitive': [ '1.3.0' ],
181 silly audit   escalade: [ '3.2.0' ],
181 silly audit   'escape-string-regexp': [ '4.0.0' ],
181 silly audit   eslint: [ '9.39.2' ],
181 silly audit   'eslint-config-next': [ '16.1.3' ],
181 silly audit   globals: [ '16.4.0', '14.0.0' ],
181 silly audit   'eslint-import-resolver-node': [ '0.3.9' ],
181 silly audit   'eslint-import-resolver-typescript': [ '3.10.1' ],
181 silly audit   'eslint-module-utils': [ '2.12.1' ],
181 silly audit   'eslint-plugin-import': [ '2.32.0' ],
181 silly audit   'eslint-plugin-jsx-a11y': [ '6.10.2' ],
181 silly audit   'eslint-plugin-react': [ '7.37.5' ],
181 silly audit   'eslint-plugin-react-hooks': [ '7.0.1' ],
181 silly audit   resolve: [ '2.0.0-next.5', '1.22.11' ],
181 silly audit   'eslint-scope': [ '8.4.0' ],
181 silly audit   espree: [ '10.4.0' ],
181 silly audit   esquery: [ '1.7.0' ],
181 silly audit   esrecurse: [ '4.3.0' ],
181 silly audit   estraverse: [ '5.3.0' ],
181 silly audit   esutils: [ '2.0.3' ],
181 silly audit   'fast-deep-equal': [ '3.1.3' ],
181 silly audit   'fast-glob': [ '3.3.1' ],
181 silly audit   'glob-parent': [ '5.1.2', '6.0.2' ],
181 silly audit   'fast-json-stable-stringify': [ '2.1.0' ],
181 silly audit   'fast-levenshtein': [ '2.0.6' ],
181 silly audit   fastq: [ '1.20.1' ],
181 silly audit   fdir: [ '6.5.0' ],
181 silly audit   'file-entry-cache': [ '8.0.0' ],
181 silly audit   'fill-range': [ '7.1.1' ],
181 silly audit   'find-up': [ '5.0.0' ],
181 silly audit   'flat-cache': [ '4.0.1' ],
181 silly audit   flatted: [ '3.3.3' ],
181 silly audit   'for-each': [ '0.3.5' ],
181 silly audit   'fraction.js': [ '5.3.4' ],
181 silly audit   'function-bind': [ '1.1.2' ],
181 silly audit   'function.prototype.name': [ '1.1.8' ],
181 silly audit   'functions-have-names': [ '1.2.3' ],
181 silly audit   'generator-function': [ '2.0.1' ],
181 silly audit   gensync: [ '1.0.0-beta.2' ],
181 silly audit   'get-intrinsic': [ '1.3.0' ],
181 silly audit   'get-proto': [ '1.0.1' ],
181 silly audit   'get-symbol-description': [ '1.1.0' ],
181 silly audit   'get-tsconfig': [ '4.13.0' ],
181 silly audit   globalthis: [ '1.0.4' ],
181 silly audit   gopd: [ '1.2.0' ],
181 silly audit   'has-bigints': [ '1.1.0' ],
181 silly audit   'has-flag': [ '4.0.0' ],
181 silly audit   'has-property-descriptors': [ '1.0.2' ],
181 silly audit   'has-proto': [ '1.2.0' ],
181 silly audit   'has-symbols': [ '1.1.0' ],
181 silly audit   'has-tostringtag': [ '1.0.2' ],
181 silly audit   hasown: [ '2.0.2' ],
181 silly audit   'hermes-estree': [ '0.25.1' ],
181 silly audit   'hermes-parser': [ '0.25.1' ],
181 silly audit   'import-fresh': [ '3.3.1' ],
181 silly audit   imurmurhash: [ '0.1.4' ],
181 silly audit   'internal-slot': [ '1.1.0' ],
181 silly audit   'is-array-buffer': [ '3.0.5' ],
181 silly audit   'is-async-function': [ '2.1.1' ],
181 silly audit   'is-bigint': [ '1.1.0' ],
181 silly audit   'is-boolean-object': [ '1.2.2' ],
181 silly audit   'is-bun-module': [ '2.0.0' ],
181 silly audit   'is-callable': [ '1.2.7' ],
181 silly audit   'is-core-module': [ '2.16.1' ],
181 silly audit   'is-data-view': [ '1.0.2' ],
181 silly audit   'is-date-object': [ '1.1.0' ],
181 silly audit   'is-extglob': [ '2.1.1' ],
181 silly audit   'is-finalizationregistry': [ '1.1.1' ],
181 silly audit   'is-generator-function': [ '1.1.2' ],
181 silly audit   'is-glob': [ '4.0.3' ],
181 silly audit   'is-map': [ '2.0.3' ],
181 silly audit   'is-negative-zero': [ '2.0.3' ],
181 silly audit   'is-number': [ '7.0.0' ],
181 silly audit   'is-number-object': [ '1.1.1' ],
181 silly audit   'is-regex': [ '1.2.1' ],
181 silly audit   'is-set': [ '2.0.3' ],
181 silly audit   'is-shared-array-buffer': [ '1.0.4' ],
181 silly audit   'is-string': [ '1.1.1' ],
181 silly audit   'is-symbol': [ '1.1.1' ],
181 silly audit   'is-typed-array': [ '1.1.15' ],
181 silly audit   'is-weakmap': [ '2.0.2' ],
181 silly audit   'is-weakref': [ '1.1.1' ],
181 silly audit   'is-weakset': [ '2.0.4' ],
181 silly audit   isarray: [ '2.0.5' ],
181 silly audit   isexe: [ '2.0.0' ],
181 silly audit   'iterator.prototype': [ '1.1.5' ],
181 silly audit   'js-tokens': [ '4.0.0' ],
181 silly audit   'js-yaml': [ '4.1.1' ],
181 silly audit   jsesc: [ '3.1.0' ],
181 silly audit   'json-buffer': [ '3.0.1' ],
181 silly audit   'json-schema-traverse': [ '0.4.1' ],
181 silly audit   'json-stable-stringify-without-jsonify': [ '1.0.1' ],
181 silly audit   json5: [ '2.2.3', '1.0.2' ],
181 silly audit   'jsx-ast-utils': [ '3.3.5' ],
181 silly audit   keyv: [ '4.5.4' ],
181 silly audit   'language-subtag-registry': [ '0.3.23' ],
181 silly audit   'language-tags': [ '1.0.9' ],
181 silly audit   levn: [ '0.4.1' ],
181 silly audit   'locate-path': [ '6.0.0' ],
181 silly audit   'lodash.merge': [ '4.6.2' ],
181 silly audit   'loose-envify': [ '1.4.0' ],
181 silly audit   'lru-cache': [ '5.1.1' ],
181 silly audit   'lucide-react': [ '0.562.0' ],
181 silly audit   'math-intrinsics': [ '1.1.0' ],
181 silly audit   merge2: [ '1.4.1' ],
181 silly audit   micromatch: [ '4.0.8' ],
181 silly audit   picomatch: [ '2.3.1', '4.0.3' ],
181 silly audit   minimist: [ '1.2.8' ],
181 silly audit   ms: [ '2.1.3' ],
181 silly audit   nanoid: [ '3.3.11' ],
181 silly audit   'napi-postinstall': [ '0.3.4' ],
181 silly audit   'natural-compare': [ '1.4.0' ],
181 silly audit   next: [ '15.5.9' ],
181 silly audit   postcss: [ '8.4.31', '8.5.6' ],
181 silly audit   'node-releases': [ '2.0.27' ],
181 silly audit   'object-assign': [ '4.1.1' ],
181 silly audit   'object-inspect': [ '1.13.4' ],
181 silly audit   'object-keys': [ '1.1.1' ],
181 silly audit   'object.assign': [ '4.1.7' ],
181 silly audit   'object.entries': [ '1.1.9' ],
181 silly audit   'object.fromentries': [ '2.0.8' ],
181 silly audit   'object.groupby': [ '1.0.3' ],
181 silly audit   'object.values': [ '1.2.1' ],
181 silly audit   optionator: [ '0.9.4' ],
181 silly audit   'own-keys': [ '1.0.1' ],
181 silly audit   'p-limit': [ '3.1.0' ],
181 silly audit   'p-locate': [ '5.0.0' ],
181 silly audit   'parent-module': [ '1.0.1' ],
181 silly audit   'path-exists': [ '4.0.0' ],
181 silly audit   'path-key': [ '3.1.1' ],
181 silly audit   'path-parse': [ '1.0.7' ],
181 silly audit   picocolors: [ '1.1.1' ],
181 silly audit   'possible-typed-array-names': [ '1.1.0' ],
181 silly audit   'postcss-value-parser': [ '4.2.0' ],
181 silly audit   'prelude-ls': [ '1.2.1' ],
181 silly audit   'prop-types': [ '15.8.1' ],
181 silly audit   punycode: [ '2.3.1' ],
181 silly audit   'queue-microtask': [ '1.2.3' ],
181 silly audit   react: [ '19.2.3' ],
181 silly audit   'react-dom': [ '19.2.3' ],
181 silly audit   'react-is': [ '16.13.1' ],
181 silly audit   'reflect.getprototypeof': [ '1.0.10' ],
181 silly audit   'regexp.prototype.flags': [ '1.5.4' ],
181 silly audit   'resolve-from': [ '4.0.0' ],
181 silly audit   'resolve-pkg-maps': [ '1.0.0' ],
181 silly audit   reusify: [ '1.1.0' ],
181 silly audit   'run-parallel': [ '1.2.0' ],
181 silly audit   'safe-array-concat': [ '1.1.3' ],
181 silly audit   'safe-push-apply': [ '1.0.0' ],
181 silly audit   'safe-regex-test': [ '1.1.0' ],
181 silly audit   scheduler: [ '0.27.0' ],
181 silly audit   'set-function-length': [ '1.2.2' ],
181 silly audit   'set-function-name': [ '2.0.2' ],
181 silly audit   'set-proto': [ '1.0.0' ],
181 silly audit   sharp: [ '0.34.5' ],
181 silly audit   'shebang-command': [ '2.0.0' ],
181 silly audit   'shebang-regex': [ '3.0.0' ],
181 silly audit   'side-channel': [ '1.1.0' ],
181 silly audit   'side-channel-list': [ '1.0.0' ],
181 silly audit   'side-channel-map': [ '1.0.1' ],
181 silly audit   'side-channel-weakmap': [ '1.0.2' ],
181 silly audit   'source-map-js': [ '1.2.1' ],
181 silly audit   'stable-hash': [ '0.0.5' ],
181 silly audit   'stop-iteration-iterator': [ '1.1.0' ],
181 silly audit   'string.prototype.includes': [ '2.0.1' ],
181 silly audit   'string.prototype.matchall': [ '4.0.12' ],
181 silly audit   'string.prototype.repeat': [ '1.0.0' ],
181 silly audit   'string.prototype.trim': [ '1.2.10' ],
181 silly audit   'string.prototype.trimend': [ '1.0.9' ],
181 silly audit   'string.prototype.trimstart': [ '1.0.8' ],
181 silly audit   'strip-bom': [ '3.0.0' ],
181 silly audit   'strip-json-comments': [ '3.1.1' ],
181 silly audit   'styled-jsx': [ '5.1.6' ],
181 silly audit   'supports-color': [ '7.2.0' ],
181 silly audit   'supports-preserve-symlinks-flag': [ '1.0.0' ],
181 silly audit   'tailwind-merge': [ '3.4.0' ],
181 silly audit   tailwindcss: [ '4.1.18' ],
181 silly audit   tinyglobby: [ '0.2.15' ],
181 silly audit   'to-regex-range': [ '5.0.1' ],
181 silly audit   'ts-api-utils': [ '2.4.0' ],
181 silly audit   'tsconfig-paths': [ '3.15.0' ],
181 silly audit   tslib: [ '2.8.1' ],
181 silly audit   'type-check': [ '0.4.0' ],
181 silly audit   'typed-array-buffer': [ '1.0.3' ],
181 silly audit   'typed-array-byte-length': [ '1.0.3' ],
181 silly audit   'typed-array-byte-offset': [ '1.0.4' ],
181 silly audit   'typed-array-length': [ '1.0.7' ],
181 silly audit   typescript: [ '5.9.3' ],
181 silly audit   'typescript-eslint': [ '8.53.0' ],
181 silly audit   'unbox-primitive': [ '1.1.0' ],
181 silly audit   'undici-types': [ '7.16.0' ],
181 silly audit   'unrs-resolver': [ '1.11.1' ],
181 silly audit   'update-browserslist-db': [ '1.2.3' ],
181 silly audit   'uri-js': [ '4.4.1' ],
181 silly audit   which: [ '2.0.2' ],
181 silly audit   'which-boxed-primitive': [ '1.1.1' ],
181 silly audit   'which-builtin-type': [ '1.2.1' ],
181 silly audit   'which-collection': [ '1.0.2' ],
181 silly audit   'which-typed-array': [ '1.1.20' ],
181 silly audit   'word-wrap': [ '1.2.5' ],
181 silly audit   yallist: [ '3.1.1' ],
181 silly audit   'yocto-queue': [ '0.1.0' ],
181 silly audit   zod: [ '4.3.5' ],
181 silly audit   'zod-validation-error': [ '4.0.2' ],
181 silly audit   '@tailwindcss/postcss': [ '4.1.18' ],
181 silly audit   '@alloc/quick-lru': [ '5.2.0' ],
181 silly audit   '@tailwindcss/node': [ '4.1.18' ],
181 silly audit   '@tailwindcss/oxide': [ '4.1.18' ],
181 silly audit   'enhanced-resolve': [ '5.18.4' ],
181 silly audit   jiti: [ '2.6.1' ],
181 silly audit   lightningcss: [ '1.30.2' ],
181 silly audit   'magic-string': [ '0.30.21' ],
181 silly audit   '@tailwindcss/oxide-android-arm64': [ '4.1.18' ],
181 silly audit   '@tailwindcss/oxide-darwin-arm64': [ '4.1.18' ],
181 silly audit   '@tailwindcss/oxide-darwin-x64': [ '4.1.18' ],
181 silly audit   '@tailwindcss/oxide-freebsd-x64': [ '4.1.18' ],
181 silly audit   '@tailwindcss/oxide-linux-arm-gnueabihf': [ '4.1.18' ],
181 silly audit   '@tailwindcss/oxide-linux-arm64-gnu': [ '4.1.18' ],
181 silly audit   '@tailwindcss/oxide-linux-arm64-musl': [ '4.1.18' ],
181 silly audit   '@tailwindcss/oxide-linux-x64-gnu': [ '4.1.18' ],
181 silly audit   '@tailwindcss/oxide-linux-x64-musl': [ '4.1.18' ],
181 silly audit   '@tailwindcss/oxide-wasm32-wasi': [ '4.1.18' ],
181 silly audit   '@tailwindcss/oxide-win32-arm64-msvc': [ '4.1.18' ],
181 silly audit   '@tailwindcss/oxide-win32-x64-msvc': [ '4.1.18' ],
181 silly audit   'graceful-fs': [ '4.2.11' ],
181 silly audit   tapable: [ '2.3.0' ],
181 silly audit   'lightningcss-android-arm64': [ '1.30.2' ],
181 silly audit   'lightningcss-darwin-arm64': [ '1.30.2' ],
181 silly audit   'lightningcss-darwin-x64': [ '1.30.2' ],
181 silly audit   'lightningcss-freebsd-x64': [ '1.30.2' ],
181 silly audit   'lightningcss-linux-arm-gnueabihf': [ '1.30.2' ],
181 silly audit   'lightningcss-linux-arm64-gnu': [ '1.30.2' ],
181 silly audit   'lightningcss-linux-arm64-musl': [ '1.30.2' ],
181 silly audit   'lightningcss-linux-x64-gnu': [ '1.30.2' ],
181 silly audit   'lightningcss-linux-x64-musl': [ '1.30.2' ],
181 silly audit   'lightningcss-win32-arm64-msvc': [ '1.30.2' ],
181 silly audit   'lightningcss-win32-x64-msvc': [ '1.30.2' ]
181 silly audit }
182 http cache lightningcss-darwin-arm64@https://registry.npmjs.org/lightningcss-darwin-arm64/-/lightningcss-darwin-arm64-1.30.2.tgz 0ms (cache hit)
183 http cache tapable@https://registry.npmjs.org/tapable/-/tapable-2.3.0.tgz 0ms (cache hit)
184 http cache graceful-fs@https://registry.npmjs.org/graceful-fs/-/graceful-fs-4.2.11.tgz 0ms (cache hit)
185 http cache @tailwindcss/oxide-darwin-arm64@https://registry.npmjs.org/@tailwindcss/oxide-darwin-arm64/-/oxide-darwin-arm64-4.1.18.tgz 0ms (cache hit)
186 http cache lightningcss@https://registry.npmjs.org/lightningcss/-/lightningcss-1.30.2.tgz 0ms (cache hit)
187 http cache magic-string@https://registry.npmjs.org/magic-string/-/magic-string-0.30.21.tgz 0ms (cache hit)
188 http cache enhanced-resolve@https://registry.npmjs.org/enhanced-resolve/-/enhanced-resolve-5.18.4.tgz 0ms (cache hit)
189 http cache @tailwindcss/oxide@https://registry.npmjs.org/@tailwindcss/oxide/-/oxide-4.1.18.tgz 0ms (cache hit)
190 http cache @tailwindcss/node@https://registry.npmjs.org/@tailwindcss/node/-/node-4.1.18.tgz 0ms (cache hit)
191 http cache @alloc/quick-lru@https://registry.npmjs.org/@alloc/quick-lru/-/quick-lru-5.2.0.tgz 0ms (cache hit)
192 http cache @tailwindcss/postcss@https://registry.npmjs.org/@tailwindcss/postcss/-/postcss-4.1.18.tgz 0ms (cache hit)
193 http cache @tybys/wasm-util@https://registry.npmjs.org/@tybys/wasm-util/-/wasm-util-0.10.1.tgz 0ms (cache hit)
194 http cache @napi-rs/wasm-runtime@https://registry.npmjs.org/@napi-rs/wasm-runtime/-/wasm-runtime-0.2.12.tgz 0ms (cache hit)
195 http cache @emnapi/wasi-threads@https://registry.npmjs.org/@emnapi/wasi-threads/-/wasi-threads-1.1.0.tgz 0ms (cache hit)
196 http cache @emnapi/core@https://registry.npmjs.org/@emnapi/core/-/core-1.8.1.tgz 0ms (cache hit)
197 http cache jiti@https://registry.npmjs.org/jiti/-/jiti-2.6.1.tgz 0ms (cache hit)
198 http fetch POST 200 https://registry.npmjs.org/-/npm/v1/security/advisories/bulk 183ms
199 silly audit report {}
200 silly ADD node_modules/lightningcss-darwin-arm64
201 silly ADD node_modules/tapable
202 silly ADD node_modules/graceful-fs
203 silly ADD node_modules/@tailwindcss/oxide-darwin-arm64
204 silly ADD node_modules/magic-string
205 silly ADD node_modules/lightningcss
206 silly ADD node_modules/jiti
207 silly ADD node_modules/enhanced-resolve
208 silly ADD node_modules/@tailwindcss/oxide
209 silly ADD node_modules/@tailwindcss/node
210 silly ADD node_modules/@alloc/quick-lru
211 silly ADD node_modules/@tailwindcss/postcss
212 silly ADD node_modules/@tybys/wasm-util
213 silly ADD node_modules/@napi-rs/wasm-runtime
214 silly ADD node_modules/@emnapi/wasi-threads
215 silly ADD node_modules/@emnapi/core
216 verbose cwd /Users/kooou/Desktop/docs
217 verbose os Darwin 21.2.0
218 verbose node v24.11.1
219 verbose npm  v11.6.2
220 verbose exit 0
221 info ok
